{"/Users/oscar/projects/fuga/fuga-ui/playwright.config.ts": {"path":"/Users/oscar/projects/fuga/fuga-ui/playwright.config.ts","all":true,"statementMap":{"0":{"start":{"line":1,"column":0},"end":{"line":1,"column":48}},"2":{"start":{"line":3,"column":0},"end":{"line":3,"column":29}},"3":{"start":{"line":4,"column":0},"end":{"line":4,"column":13}},"4":{"start":{"line":5,"column":0},"end":{"line":5,"column":46}},"5":{"start":{"line":6,"column":0},"end":{"line":6,"column":12}},"6":{"start":{"line":7,"column":0},"end":{"line":7,"column":3}},"7":{"start":{"line":8,"column":0},"end":{"line":8,"column":15}},"8":{"start":{"line":9,"column":0},"end":{"line":9,"column":3}}},"s":{"0":0,"2":0,"3":0,"4":0,"5":0,"6":0,"7":0,"8":0},"branchMap":{"0":{"type":"branch","line":1,"loc":{"start":{"line":1,"column":177},"end":{"line":9,"column":3}},"locations":[{"start":{"line":1,"column":177},"end":{"line":9,"column":3}}]}},"b":{"0":[0]},"fnMap":{"0":{"name":"(empty-report)","decl":{"start":{"line":1,"column":177},"end":{"line":9,"column":3}},"loc":{"start":{"line":1,"column":177},"end":{"line":9,"column":3}},"line":1}},"f":{"0":0}}
,"/Users/oscar/projects/fuga/fuga-ui/svelte.config.js": {"path":"/Users/oscar/projects/fuga/fuga-ui/svelte.config.js","all":true,"statementMap":{"0":{"start":{"line":1,"column":0},"end":{"line":1,"column":47}},"1":{"start":{"line":2,"column":0},"end":{"line":2,"column":62}},"3":{"start":{"line":4,"column":0},"end":{"line":4,"column":45}},"4":{"start":{"line":5,"column":0},"end":{"line":5,"column":16}},"5":{"start":{"line":6,"column":0},"end":{"line":6,"column":52}},"6":{"start":{"line":7,"column":0},"end":{"line":7,"column":44}},"7":{"start":{"line":8,"column":0},"end":{"line":8,"column":30}},"8":{"start":{"line":9,"column":0},"end":{"line":9,"column":28}},"9":{"start":{"line":10,"column":0},"end":{"line":10,"column":2}},"11":{"start":{"line":12,"column":0},"end":{"line":12,"column":22}}},"s":{"0":0,"1":0,"3":0,"4":0,"5":0,"6":0,"7":0,"8":0,"9":0,"11":0},"branchMap":{"0":{"type":"branch","line":1,"loc":{"start":{"line":1,"column":359},"end":{"line":12,"column":22}},"locations":[{"start":{"line":1,"column":359},"end":{"line":12,"column":22}}]}},"b":{"0":[0]},"fnMap":{"0":{"name":"(empty-report)","decl":{"start":{"line":1,"column":359},"end":{"line":12,"column":22}},"loc":{"start":{"line":1,"column":359},"end":{"line":12,"column":22}},"line":1}},"f":{"0":0}}
,"/Users/oscar/projects/fuga/fuga-ui/scripts/manage-test-users.js": {"path":"/Users/oscar/projects/fuga/fuga-ui/scripts/manage-test-users.js","all":true,"statementMap":{"0":{"start":{"line":1,"column":0},"end":{"line":1,"column":57}},"1":{"start":{"line":2,"column":0},"end":{"line":2,"column":61}},"2":{"start":{"line":3,"column":0},"end":{"line":3,"column":29}},"4":{"start":{"line":5,"column":0},"end":{"line":5,"column":53}},"5":{"start":{"line":6,"column":0},"end":{"line":6,"column":32}},"7":{"start":{"line":8,"column":0},"end":{"line":8,"column":29}},"8":{"start":{"line":9,"column":0},"end":{"line":9,"column":9}},"10":{"start":{"line":11,"column":0},"end":{"line":11,"column":78}},"11":{"start":{"line":12,"column":0},"end":{"line":12,"column":235}},"13":{"start":{"line":14,"column":0},"end":{"line":14,"column":63}},"15":{"start":{"line":16,"column":0},"end":{"line":16,"column":34}},"16":{"start":{"line":17,"column":0},"end":{"line":17,"column":40}},"18":{"start":{"line":19,"column":0},"end":{"line":19,"column":7}},"19":{"start":{"line":20,"column":0},"end":{"line":20,"column":24}},"20":{"start":{"line":21,"column":0},"end":{"line":21,"column":89}},"21":{"start":{"line":22,"column":0},"end":{"line":22,"column":30}},"22":{"start":{"line":23,"column":0},"end":{"line":23,"column":27}},"23":{"start":{"line":24,"column":0},"end":{"line":24,"column":26}},"24":{"start":{"line":25,"column":0},"end":{"line":25,"column":22}},"25":{"start":{"line":26,"column":0},"end":{"line":26,"column":31}},"26":{"start":{"line":27,"column":0},"end":{"line":27,"column":7}},"27":{"start":{"line":28,"column":0},"end":{"line":28,"column":7}},"29":{"start":{"line":30,"column":0},"end":{"line":30,"column":21}},"30":{"start":{"line":31,"column":0},"end":{"line":31,"column":62}},"31":{"start":{"line":32,"column":0},"end":{"line":32,"column":12}},"32":{"start":{"line":33,"column":0},"end":{"line":33,"column":63}},"33":{"start":{"line":34,"column":0},"end":{"line":34,"column":6}},"34":{"start":{"line":35,"column":0},"end":{"line":35,"column":45}},"35":{"start":{"line":36,"column":0},"end":{"line":36,"column":52}},"36":{"start":{"line":37,"column":0},"end":{"line":37,"column":25}},"37":{"start":{"line":38,"column":0},"end":{"line":38,"column":34}},"38":{"start":{"line":39,"column":0},"end":{"line":39,"column":37}},"40":{"start":{"line":41,"column":0},"end":{"line":41,"column":25}},"41":{"start":{"line":42,"column":0},"end":{"line":42,"column":69}},"42":{"start":{"line":43,"column":0},"end":{"line":43,"column":14}},"43":{"start":{"line":44,"column":0},"end":{"line":44,"column":61}},"44":{"start":{"line":45,"column":0},"end":{"line":45,"column":7}},"45":{"start":{"line":46,"column":0},"end":{"line":46,"column":5}},"47":{"start":{"line":48,"column":0},"end":{"line":48,"column":26}},"48":{"start":{"line":49,"column":0},"end":{"line":49,"column":87}},"49":{"start":{"line":50,"column":0},"end":{"line":50,"column":29}},"50":{"start":{"line":51,"column":0},"end":{"line":51,"column":26}},"51":{"start":{"line":52,"column":0},"end":{"line":52,"column":26}},"52":{"start":{"line":53,"column":0},"end":{"line":53,"column":22}},"53":{"start":{"line":54,"column":0},"end":{"line":54,"column":33}},"54":{"start":{"line":55,"column":0},"end":{"line":55,"column":7}},"55":{"start":{"line":56,"column":0},"end":{"line":56,"column":7}},"57":{"start":{"line":58,"column":0},"end":{"line":58,"column":20}},"58":{"start":{"line":59,"column":0},"end":{"line":59,"column":63}},"59":{"start":{"line":60,"column":0},"end":{"line":60,"column":12}},"60":{"start":{"line":61,"column":0},"end":{"line":61,"column":64}},"61":{"start":{"line":62,"column":0},"end":{"line":62,"column":6}},"62":{"start":{"line":63,"column":0},"end":{"line":63,"column":73}},"63":{"start":{"line":64,"column":0},"end":{"line":64,"column":56}},"64":{"start":{"line":65,"column":0},"end":{"line":65,"column":65}},"65":{"start":{"line":66,"column":0},"end":{"line":66,"column":5}},"67":{"start":{"line":68,"column":0},"end":{"line":68,"column":50}},"68":{"start":{"line":69,"column":0},"end":{"line":69,"column":52}},"69":{"start":{"line":70,"column":0},"end":{"line":70,"column":49}},"71":{"start":{"line":72,"column":0},"end":{"line":72,"column":19}},"72":{"start":{"line":73,"column":0},"end":{"line":73,"column":46}},"73":{"start":{"line":74,"column":0},"end":{"line":74,"column":3}},"74":{"start":{"line":75,"column":0},"end":{"line":75,"column":1}},"76":{"start":{"line":77,"column":0},"end":{"line":77,"column":32}},"77":{"start":{"line":78,"column":0},"end":{"line":78,"column":50}},"79":{"start":{"line":80,"column":0},"end":{"line":80,"column":7}},"80":{"start":{"line":81,"column":0},"end":{"line":81,"column":23}},"81":{"start":{"line":82,"column":0},"end":{"line":82,"column":52}},"82":{"start":{"line":83,"column":0},"end":{"line":83,"column":23}},"83":{"start":{"line":84,"column":0},"end":{"line":84,"column":19}},"85":{"start":{"line":86,"column":0},"end":{"line":86,"column":16}},"86":{"start":{"line":87,"column":0},"end":{"line":87,"column":55}},"87":{"start":{"line":88,"column":0},"end":{"line":88,"column":13}},"88":{"start":{"line":89,"column":0},"end":{"line":89,"column":5}},"90":{"start":{"line":91,"column":0},"end":{"line":91,"column":54}},"91":{"start":{"line":92,"column":0},"end":{"line":92,"column":33}},"92":{"start":{"line":93,"column":0},"end":{"line":93,"column":96}},"93":{"start":{"line":94,"column":0},"end":{"line":94,"column":7}},"95":{"start":{"line":96,"column":0},"end":{"line":96,"column":48}},"96":{"start":{"line":97,"column":0},"end":{"line":97,"column":85}},"98":{"start":{"line":99,"column":0},"end":{"line":99,"column":31}},"99":{"start":{"line":100,"column":0},"end":{"line":100,"column":37}},"100":{"start":{"line":101,"column":0},"end":{"line":101,"column":35}},"101":{"start":{"line":102,"column":0},"end":{"line":102,"column":64}},"102":{"start":{"line":103,"column":0},"end":{"line":103,"column":52}},"103":{"start":{"line":104,"column":0},"end":{"line":104,"column":83}},"104":{"start":{"line":105,"column":0},"end":{"line":105,"column":9}},"105":{"start":{"line":106,"column":0},"end":{"line":106,"column":5}},"107":{"start":{"line":108,"column":0},"end":{"line":108,"column":19}},"108":{"start":{"line":109,"column":0},"end":{"line":109,"column":46}},"109":{"start":{"line":110,"column":0},"end":{"line":110,"column":3}},"110":{"start":{"line":111,"column":0},"end":{"line":111,"column":1}},"112":{"start":{"line":113,"column":0},"end":{"line":113,"column":16}},"113":{"start":{"line":114,"column":0},"end":{"line":114,"column":23}},"114":{"start":{"line":115,"column":0},"end":{"line":115,"column":46}},"115":{"start":{"line":116,"column":0},"end":{"line":116,"column":2}},"116":{"start":{"line":117,"column":0},"end":{"line":117,"column":20}},"117":{"start":{"line":118,"column":0},"end":{"line":118,"column":18}},"118":{"start":{"line":119,"column":0},"end":{"line":119,"column":30}},"119":{"start":{"line":120,"column":0},"end":{"line":120,"column":12}},"120":{"start":{"line":121,"column":0},"end":{"line":121,"column":17}},"121":{"start":{"line":122,"column":0},"end":{"line":122,"column":28}},"122":{"start":{"line":123,"column":0},"end":{"line":123,"column":12}},"123":{"start":{"line":124,"column":0},"end":{"line":124,"column":16}},"124":{"start":{"line":125,"column":0},"end":{"line":125,"column":19}},"125":{"start":{"line":126,"column":0},"end":{"line":126,"column":50}},"127":{"start":{"line":128,"column":0},"end":{"line":128,"column":9}},"128":{"start":{"line":129,"column":0},"end":{"line":129,"column":39}},"129":{"start":{"line":130,"column":0},"end":{"line":130,"column":35}},"130":{"start":{"line":131,"column":0},"end":{"line":131,"column":34}},"132":{"start":{"line":133,"column":0},"end":{"line":133,"column":9}},"133":{"start":{"line":134,"column":0},"end":{"line":134,"column":64}},"134":{"start":{"line":135,"column":0},"end":{"line":135,"column":64}},"135":{"start":{"line":136,"column":0},"end":{"line":136,"column":70}},"136":{"start":{"line":137,"column":0},"end":{"line":137,"column":9}},"137":{"start":{"line":138,"column":0},"end":{"line":138,"column":12}},"138":{"start":{"line":139,"column":0},"end":{"line":139,"column":12}},"139":{"start":{"line":140,"column":0},"end":{"line":140,"column":49}},"140":{"start":{"line":141,"column":0},"end":{"line":141,"column":89}},"141":{"start":{"line":142,"column":0},"end":{"line":142,"column":3}},"142":{"start":{"line":143,"column":0},"end":{"line":143,"column":1}},"144":{"start":{"line":145,"column":0},"end":{"line":145,"column":7}}},"s":{"0":0,"1":0,"2":0,"4":0,"5":0,"7":0,"8":0,"10":0,"11":0,"13":0,"15":0,"16":0,"18":0,"19":0,"20":0,"21":0,"22":0,"23":0,"24":0,"25":0,"26":0,"27":0,"29":0,"30":0,"31":0,"32":0,"33":0,"34":0,"35":0,"36":0,"37":0,"38":0,"40":0,"41":0,"42":0,"43":0,"44":0,"45":0,"47":0,"48":0,"49":0,"50":0,"51":0,"52":0,"53":0,"54":0,"55":0,"57":0,"58":0,"59":0,"60":0,"61":0,"62":0,"63":0,"64":0,"65":0,"67":0,"68":0,"69":0,"71":0,"72":0,"73":0,"74":0,"76":0,"77":0,"79":0,"80":0,"81":0,"82":0,"83":0,"85":0,"86":0,"87":0,"88":0,"90":0,"91":0,"92":0,"93":0,"95":0,"96":0,"98":0,"99":0,"100":0,"101":0,"102":0,"103":0,"104":0,"105":0,"107":0,"108":0,"109":0,"110":0,"112":0,"113":0,"114":0,"115":0,"116":0,"117":0,"118":0,"119":0,"120":0,"121":0,"122":0,"123":0,"124":0,"125":0,"127":0,"128":0,"129":0,"130":0,"132":0,"133":0,"134":0,"135":0,"136":0,"137":0,"138":0,"139":0,"140":0,"141":0,"142":0,"144":0},"branchMap":{"0":{"type":"branch","line":1,"loc":{"start":{"line":1,"column":151},"end":{"line":145,"column":-177}},"locations":[{"start":{"line":1,"column":151},"end":{"line":145,"column":-177}}]}},"b":{"0":[0]},"fnMap":{"0":{"name":"(empty-report)","decl":{"start":{"line":1,"column":151},"end":{"line":145,"column":-177}},"loc":{"start":{"line":1,"column":151},"end":{"line":145,"column":-177}},"line":1}},"f":{"0":0}}
,"/Users/oscar/projects/fuga/fuga-ui/src/hooks.server.ts": {"path":"/Users/oscar/projects/fuga/fuga-ui/src/hooks.server.ts","all":true,"statementMap":{"1":{"start":{"line":2,"column":0},"end":{"line":2,"column":61}},"2":{"start":{"line":3,"column":0},"end":{"line":3,"column":47}},"4":{"start":{"line":5,"column":0},"end":{"line":5,"column":61}},"6":{"start":{"line":7,"column":0},"end":{"line":7,"column":13}},"7":{"start":{"line":8,"column":0},"end":{"line":8,"column":30}},"8":{"start":{"line":9,"column":0},"end":{"line":9,"column":64}},"9":{"start":{"line":10,"column":0},"end":{"line":10,"column":7}},"11":{"start":{"line":12,"column":0},"end":{"line":12,"column":67}},"14":{"start":{"line":15,"column":0},"end":{"line":15,"column":53}},"17":{"start":{"line":18,"column":0},"end":{"line":18,"column":39}},"18":{"start":{"line":19,"column":0},"end":{"line":19,"column":20}},"19":{"start":{"line":20,"column":0},"end":{"line":20,"column":75}},"22":{"start":{"line":23,"column":0},"end":{"line":23,"column":58}},"23":{"start":{"line":24,"column":0},"end":{"line":24,"column":60}},"25":{"start":{"line":26,"column":0},"end":{"line":26,"column":35}},"26":{"start":{"line":27,"column":0},"end":{"line":27,"column":7}},"28":{"start":{"line":29,"column":0},"end":{"line":29,"column":10}},"29":{"start":{"line":30,"column":0},"end":{"line":30,"column":22}},"30":{"start":{"line":31,"column":0},"end":{"line":31,"column":9}},"31":{"start":{"line":32,"column":0},"end":{"line":32,"column":39}},"32":{"start":{"line":33,"column":0},"end":{"line":33,"column":30}},"33":{"start":{"line":34,"column":0},"end":{"line":34,"column":31}},"34":{"start":{"line":35,"column":0},"end":{"line":35,"column":6}},"36":{"start":{"line":37,"column":0},"end":{"line":37,"column":27}},"38":{"start":{"line":39,"column":0},"end":{"line":39,"column":59}},"39":{"start":{"line":40,"column":0},"end":{"line":40,"column":60}},"40":{"start":{"line":41,"column":0},"end":{"line":41,"column":11}},"42":{"start":{"line":43,"column":0},"end":{"line":43,"column":11}},"43":{"start":{"line":44,"column":0},"end":{"line":44,"column":19}},"44":{"start":{"line":45,"column":0},"end":{"line":45,"column":38}},"46":{"start":{"line":47,"column":0},"end":{"line":47,"column":15}},"47":{"start":{"line":48,"column":0},"end":{"line":48,"column":30}},"50":{"start":{"line":51,"column":0},"end":{"line":51,"column":66}},"51":{"start":{"line":52,"column":0},"end":{"line":52,"column":23}},"52":{"start":{"line":53,"column":0},"end":{"line":53,"column":18}},"53":{"start":{"line":54,"column":0},"end":{"line":54,"column":24}},"54":{"start":{"line":55,"column":0},"end":{"line":55,"column":16}},"56":{"start":{"line":57,"column":0},"end":{"line":57,"column":24}},"57":{"start":{"line":58,"column":0},"end":{"line":58,"column":57}},"58":{"start":{"line":59,"column":0},"end":{"line":59,"column":31}},"59":{"start":{"line":60,"column":0},"end":{"line":60,"column":37}},"60":{"start":{"line":61,"column":0},"end":{"line":61,"column":37}},"61":{"start":{"line":62,"column":0},"end":{"line":62,"column":30}},"62":{"start":{"line":63,"column":0},"end":{"line":63,"column":9}},"63":{"start":{"line":64,"column":0},"end":{"line":64,"column":6}},"65":{"start":{"line":66,"column":0},"end":{"line":66,"column":36}},"66":{"start":{"line":67,"column":0},"end":{"line":67,"column":5}},"67":{"start":{"line":68,"column":0},"end":{"line":68,"column":4}},"68":{"start":{"line":69,"column":0},"end":{"line":69,"column":19}},"69":{"start":{"line":70,"column":0},"end":{"line":70,"column":53}},"71":{"start":{"line":72,"column":0},"end":{"line":72,"column":58}},"72":{"start":{"line":73,"column":0},"end":{"line":73,"column":59}},"73":{"start":{"line":74,"column":0},"end":{"line":74,"column":3}},"74":{"start":{"line":75,"column":0},"end":{"line":75,"column":2}},"76":{"start":{"line":77,"column":0},"end":{"line":77,"column":23}},"77":{"start":{"line":78,"column":0},"end":{"line":78,"column":2}}},"s":{"1":0,"2":0,"4":0,"6":0,"7":0,"8":0,"9":0,"11":0,"14":0,"17":0,"18":0,"19":0,"22":0,"23":0,"25":0,"26":0,"28":0,"29":0,"30":0,"31":0,"32":0,"33":0,"34":0,"36":0,"38":0,"39":0,"40":0,"42":0,"43":0,"44":0,"46":0,"47":0,"50":0,"51":0,"52":0,"53":0,"54":0,"56":0,"57":0,"58":0,"59":0,"60":0,"61":0,"62":0,"63":0,"65":0,"66":0,"67":0,"68":0,"69":0,"71":0,"72":0,"73":0,"74":0,"76":0,"77":0},"branchMap":{"0":{"type":"branch","line":1,"loc":{"start":{"line":1,"column":2211},"end":{"line":78,"column":2}},"locations":[{"start":{"line":1,"column":2211},"end":{"line":78,"column":2}}]}},"b":{"0":[1]},"fnMap":{"0":{"name":"(empty-report)","decl":{"start":{"line":1,"column":2211},"end":{"line":78,"column":2}},"loc":{"start":{"line":1,"column":2211},"end":{"line":78,"column":2}},"line":1}},"f":{"0":1}}
,"/Users/oscar/projects/fuga/fuga-ui/src/lib/database.types.ts": {"path":"/Users/oscar/projects/fuga/fuga-ui/src/lib/database.types.ts","all":true,"statementMap":{"258":{"start":{"line":259,"column":0},"end":{"line":259,"column":26}},"259":{"start":{"line":260,"column":0},"end":{"line":260,"column":18}},"260":{"start":{"line":261,"column":0},"end":{"line":261,"column":11}},"261":{"start":{"line":262,"column":0},"end":{"line":262,"column":3}},"262":{"start":{"line":263,"column":0},"end":{"line":263,"column":10}},"263":{"start":{"line":264,"column":0},"end":{"line":264,"column":10}},"264":{"start":{"line":265,"column":0},"end":{"line":265,"column":31}},"265":{"start":{"line":266,"column":0},"end":{"line":266,"column":3}},"266":{"start":{"line":267,"column":0},"end":{"line":267,"column":2}},"267":{"start":{"line":268,"column":0},"end":{"line":268,"column":11}}},"s":{"258":0,"259":0,"260":0,"261":0,"262":0,"263":0,"264":0,"265":0,"266":0,"267":0},"branchMap":{"0":{"type":"branch","line":1,"loc":{"start":{"line":1,"column":7279},"end":{"line":268,"column":11}},"locations":[{"start":{"line":1,"column":7279},"end":{"line":268,"column":11}}]}},"b":{"0":[1]},"fnMap":{"0":{"name":"(empty-report)","decl":{"start":{"line":1,"column":7279},"end":{"line":268,"column":11}},"loc":{"start":{"line":1,"column":7279},"end":{"line":268,"column":11}},"line":1}},"f":{"0":1}}
,"/Users/oscar/projects/fuga/fuga-ui/src/lib/index.ts": {"path":"/Users/oscar/projects/fuga/fuga-ui/src/lib/index.ts","all":true,"statementMap":{},"s":{},"branchMap":{"0":{"type":"branch","line":1,"loc":{"start":{"line":1,"column":74},"end":{"line":1,"column":74}},"locations":[{"start":{"line":1,"column":74},"end":{"line":1,"column":74}}]}},"b":{"0":[1]},"fnMap":{"0":{"name":"(empty-report)","decl":{"start":{"line":1,"column":74},"end":{"line":1,"column":74}},"loc":{"start":{"line":1,"column":74},"end":{"line":1,"column":74}},"line":1}},"f":{"0":1}}
,"/Users/oscar/projects/fuga/fuga-ui/src/lib/supabaseClient.ts": {"path":"/Users/oscar/projects/fuga/fuga-ui/src/lib/supabaseClient.ts","all":true,"statementMap":{"0":{"start":{"line":1,"column":0},"end":{"line":1,"column":53}},"3":{"start":{"line":4,"column":0},"end":{"line":4,"column":54}},"4":{"start":{"line":5,"column":0},"end":{"line":5,"column":63}},"6":{"start":{"line":7,"column":0},"end":{"line":7,"column":39}},"7":{"start":{"line":8,"column":0},"end":{"line":8,"column":59}},"8":{"start":{"line":9,"column":0},"end":{"line":9,"column":1}},"10":{"start":{"line":11,"column":0},"end":{"line":11,"column":77}}},"s":{"0":0,"3":0,"4":0,"6":0,"7":0,"8":0,"10":0},"branchMap":{"0":{"type":"branch","line":1,"loc":{"start":{"line":1,"column":405},"end":{"line":11,"column":77}},"locations":[{"start":{"line":1,"column":405},"end":{"line":11,"column":77}}]}},"b":{"0":[0]},"fnMap":{"0":{"name":"(empty-report)","decl":{"start":{"line":1,"column":405},"end":{"line":11,"column":77}},"loc":{"start":{"line":1,"column":405},"end":{"line":11,"column":77}},"line":1}},"f":{"0":0}}
,"/Users/oscar/projects/fuga/fuga-ui/src/lib/types.ts": {"path":"/Users/oscar/projects/fuga/fuga-ui/src/lib/types.ts","all":true,"statementMap":{},"s":{},"branchMap":{"0":{"type":"branch","line":1,"loc":{"start":{"line":1,"column":384},"end":{"line":17,"column":1}},"locations":[{"start":{"line":1,"column":384},"end":{"line":17,"column":1}}]}},"b":{"0":[1]},"fnMap":{"0":{"name":"(empty-report)","decl":{"start":{"line":1,"column":384},"end":{"line":17,"column":1}},"loc":{"start":{"line":1,"column":384},"end":{"line":17,"column":1}},"line":1}},"f":{"0":1}}
,"/Users/oscar/projects/fuga/fuga-ui/src/lib/components/About.svelte": {"path":"/Users/oscar/projects/fuga/fuga-ui/src/lib/components/About.svelte","all":false,"statementMap":{"0":{"start":{"line":1,"column":0},"end":{"line":1,"column":18}},"7":{"start":{"line":8,"column":0},"end":{"line":8,"column":92}},"9":{"start":{"line":10,"column":0},"end":{"line":10,"column":29}},"15":{"start":{"line":16,"column":0},"end":{"line":16,"column":92}},"17":{"start":{"line":18,"column":0},"end":{"line":18,"column":31}},"20":{"start":{"line":21,"column":0},"end":{"line":21,"column":31}},"25":{"start":{"line":26,"column":0},"end":{"line":26,"column":83}},"41":{"start":{"line":42,"column":0},"end":{"line":42,"column":40}},"57":{"start":{"line":58,"column":0},"end":{"line":58,"column":33}},"73":{"start":{"line":74,"column":0},"end":{"line":74,"column":40}},"89":{"start":{"line":90,"column":0},"end":{"line":90,"column":32}},"98":{"start":{"line":99,"column":0},"end":{"line":99,"column":36}},"103":{"start":{"line":104,"column":0},"end":{"line":104,"column":79}},"105":{"start":{"line":106,"column":0},"end":{"line":106,"column":36}},"110":{"start":{"line":111,"column":0},"end":{"line":111,"column":84}},"112":{"start":{"line":113,"column":0},"end":{"line":113,"column":38}},"117":{"start":{"line":118,"column":0},"end":{"line":118,"column":81}},"119":{"start":{"line":120,"column":0},"end":{"line":120,"column":35}},"128":{"start":{"line":129,"column":0},"end":{"line":129,"column":45}},"133":{"start":{"line":134,"column":0},"end":{"line":134,"column":73}},"134":{"start":{"line":135,"column":0},"end":{"line":135,"column":80}},"138":{"start":{"line":139,"column":0},"end":{"line":139,"column":64}},"139":{"start":{"line":140,"column":0},"end":{"line":140,"column":79}},"143":{"start":{"line":144,"column":0},"end":{"line":144,"column":64}},"144":{"start":{"line":145,"column":0},"end":{"line":145,"column":75}},"148":{"start":{"line":149,"column":0},"end":{"line":149,"column":65}},"149":{"start":{"line":150,"column":0},"end":{"line":150,"column":74}}},"s":{"0":1,"7":1,"9":1,"15":1,"17":1,"20":1,"25":1,"41":1,"57":1,"73":1,"89":1,"98":1,"103":1,"105":1,"110":1,"112":1,"117":1,"119":1,"128":1,"133":1,"134":1,"138":1,"139":1,"143":1,"144":1,"148":1,"149":1},"branchMap":{"0":{"type":"branch","line":8,"loc":{"start":{"line":8,"column":69},"end":{"line":8,"column":92}},"locations":[{"start":{"line":8,"column":69},"end":{"line":8,"column":92}}]},"1":{"type":"branch","line":10,"loc":{"start":{"line":10,"column":5},"end":{"line":10,"column":29}},"locations":[{"start":{"line":10,"column":5},"end":{"line":10,"column":29}}]},"2":{"type":"branch","line":16,"loc":{"start":{"line":16,"column":64},"end":{"line":16,"column":92}},"locations":[{"start":{"line":16,"column":64},"end":{"line":16,"column":92}}]},"3":{"type":"branch","line":18,"loc":{"start":{"line":18,"column":6},"end":{"line":18,"column":31}},"locations":[{"start":{"line":18,"column":6},"end":{"line":18,"column":31}}]},"4":{"type":"branch","line":21,"loc":{"start":{"line":21,"column":6},"end":{"line":21,"column":31}},"locations":[{"start":{"line":21,"column":6},"end":{"line":21,"column":31}}]},"5":{"type":"branch","line":26,"loc":{"start":{"line":26,"column":52},"end":{"line":26,"column":83}},"locations":[{"start":{"line":26,"column":52},"end":{"line":26,"column":83}}]},"6":{"type":"branch","line":42,"loc":{"start":{"line":42,"column":7},"end":{"line":42,"column":40}},"locations":[{"start":{"line":42,"column":7},"end":{"line":42,"column":40}}]},"7":{"type":"branch","line":58,"loc":{"start":{"line":58,"column":7},"end":{"line":58,"column":33}},"locations":[{"start":{"line":58,"column":7},"end":{"line":58,"column":33}}]},"8":{"type":"branch","line":74,"loc":{"start":{"line":74,"column":7},"end":{"line":74,"column":40}},"locations":[{"start":{"line":74,"column":7},"end":{"line":74,"column":40}}]},"9":{"type":"branch","line":90,"loc":{"start":{"line":90,"column":7},"end":{"line":90,"column":32}},"locations":[{"start":{"line":90,"column":7},"end":{"line":90,"column":32}}]},"10":{"type":"branch","line":99,"loc":{"start":{"line":99,"column":5},"end":{"line":99,"column":36}},"locations":[{"start":{"line":99,"column":5},"end":{"line":99,"column":36}}]},"11":{"type":"branch","line":104,"loc":{"start":{"line":104,"column":41},"end":{"line":104,"column":79}},"locations":[{"start":{"line":104,"column":41},"end":{"line":104,"column":79}}]},"12":{"type":"branch","line":106,"loc":{"start":{"line":106,"column":7},"end":{"line":106,"column":36}},"locations":[{"start":{"line":106,"column":7},"end":{"line":106,"column":36}}]},"13":{"type":"branch","line":111,"loc":{"start":{"line":111,"column":41},"end":{"line":111,"column":84}},"locations":[{"start":{"line":111,"column":41},"end":{"line":111,"column":84}}]},"14":{"type":"branch","line":113,"loc":{"start":{"line":113,"column":7},"end":{"line":113,"column":38}},"locations":[{"start":{"line":113,"column":7},"end":{"line":113,"column":38}}]},"15":{"type":"branch","line":118,"loc":{"start":{"line":118,"column":41},"end":{"line":118,"column":81}},"locations":[{"start":{"line":118,"column":41},"end":{"line":118,"column":81}}]},"16":{"type":"branch","line":120,"loc":{"start":{"line":120,"column":7},"end":{"line":120,"column":35}},"locations":[{"start":{"line":120,"column":7},"end":{"line":120,"column":35}}]},"17":{"type":"branch","line":129,"loc":{"start":{"line":129,"column":5},"end":{"line":129,"column":45}},"locations":[{"start":{"line":129,"column":5},"end":{"line":129,"column":45}}]},"18":{"type":"branch","line":134,"loc":{"start":{"line":134,"column":39},"end":{"line":134,"column":73}},"locations":[{"start":{"line":134,"column":39},"end":{"line":134,"column":73}}]},"19":{"type":"branch","line":135,"loc":{"start":{"line":135,"column":44},"end":{"line":135,"column":80}},"locations":[{"start":{"line":135,"column":44},"end":{"line":135,"column":80}}]},"20":{"type":"branch","line":139,"loc":{"start":{"line":139,"column":39},"end":{"line":139,"column":64}},"locations":[{"start":{"line":139,"column":39},"end":{"line":139,"column":64}}]},"21":{"type":"branch","line":140,"loc":{"start":{"line":140,"column":44},"end":{"line":140,"column":79}},"locations":[{"start":{"line":140,"column":44},"end":{"line":140,"column":79}}]},"22":{"type":"branch","line":144,"loc":{"start":{"line":144,"column":39},"end":{"line":144,"column":64}},"locations":[{"start":{"line":144,"column":39},"end":{"line":144,"column":64}}]},"23":{"type":"branch","line":145,"loc":{"start":{"line":145,"column":44},"end":{"line":145,"column":75}},"locations":[{"start":{"line":145,"column":44},"end":{"line":145,"column":75}}]},"24":{"type":"branch","line":149,"loc":{"start":{"line":149,"column":39},"end":{"line":149,"column":65}},"locations":[{"start":{"line":149,"column":39},"end":{"line":149,"column":65}}]},"25":{"type":"branch","line":150,"loc":{"start":{"line":150,"column":44},"end":{"line":150,"column":74}},"locations":[{"start":{"line":150,"column":44},"end":{"line":150,"column":74}}]}},"b":{"0":[12],"1":[12],"2":[12],"3":[12],"4":[12],"5":[12],"6":[12],"7":[12],"8":[12],"9":[12],"10":[12],"11":[12],"12":[12],"13":[12],"14":[12],"15":[12],"16":[12],"17":[12],"18":[12],"19":[12],"20":[12],"21":[12],"22":[12],"23":[12],"24":[12],"25":[12]},"fnMap":{},"f":{}}
,"/Users/oscar/projects/fuga/fuga-ui/src/lib/components/AdminHeader.svelte": {"path":"/Users/oscar/projects/fuga/fuga-ui/src/lib/components/AdminHeader.svelte","all":true,"statementMap":{"0":{"start":{"line":1,"column":0},"end":{"line":1,"column":18}},"6":{"start":{"line":7,"column":0},"end":{"line":7,"column":44}},"8":{"start":{"line":9,"column":0},"end":{"line":9,"column":37}},"10":{"start":{"line":11,"column":0},"end":{"line":11,"column":29}},"11":{"start":{"line":12,"column":0},"end":{"line":12,"column":37}},"12":{"start":{"line":13,"column":0},"end":{"line":13,"column":2}},"14":{"start":{"line":15,"column":0},"end":{"line":15,"column":28}},"15":{"start":{"line":16,"column":0},"end":{"line":16,"column":26}},"16":{"start":{"line":17,"column":0},"end":{"line":17,"column":2}},"31":{"start":{"line":32,"column":0},"end":{"line":32,"column":90}},"32":{"start":{"line":33,"column":0},"end":{"line":33,"column":37}},"34":{"start":{"line":35,"column":0},"end":{"line":35,"column":92}},"35":{"start":{"line":36,"column":0},"end":{"line":36,"column":34}},"44":{"start":{"line":45,"column":0},"end":{"line":45,"column":26}},"53":{"start":{"line":54,"column":0},"end":{"line":54,"column":30}},"55":{"start":{"line":56,"column":0},"end":{"line":56,"column":36}},"56":{"start":{"line":57,"column":0},"end":{"line":57,"column":82}},"59":{"start":{"line":60,"column":0},"end":{"line":60,"column":26}},"82":{"start":{"line":83,"column":0},"end":{"line":83,"column":23}},"86":{"start":{"line":87,"column":0},"end":{"line":87,"column":40}},"94":{"start":{"line":95,"column":0},"end":{"line":95,"column":30}},"95":{"start":{"line":96,"column":0},"end":{"line":96,"column":44}},"97":{"start":{"line":98,"column":0},"end":{"line":98,"column":38}},"104":{"start":{"line":105,"column":0},"end":{"line":105,"column":30}},"105":{"start":{"line":106,"column":0},"end":{"line":106,"column":41}},"107":{"start":{"line":108,"column":0},"end":{"line":108,"column":35}},"110":{"start":{"line":111,"column":0},"end":{"line":111,"column":93}},"111":{"start":{"line":112,"column":0},"end":{"line":112,"column":26}}},"s":{"0":0,"6":0,"8":0,"10":0,"11":0,"12":0,"14":0,"15":0,"16":0,"31":0,"32":0,"34":0,"35":0,"44":0,"53":0,"55":0,"56":0,"59":0,"82":0,"86":0,"94":0,"95":0,"97":0,"104":0,"105":0,"107":0,"110":0,"111":0},"branchMap":{"0":{"type":"branch","line":1,"loc":{"start":{"line":1,"column":3297},"end":{"line":126,"column":8}},"locations":[{"start":{"line":1,"column":3297},"end":{"line":126,"column":8}}]}},"b":{"0":[0]},"fnMap":{"0":{"name":"(empty-report)","decl":{"start":{"line":1,"column":3297},"end":{"line":126,"column":8}},"loc":{"start":{"line":1,"column":3297},"end":{"line":126,"column":8}},"line":1}},"f":{"0":0}}
,"/Users/oscar/projects/fuga/fuga-ui/src/lib/components/Breadcrumb.svelte": {"path":"/Users/oscar/projects/fuga/fuga-ui/src/lib/components/Breadcrumb.svelte","all":true,"statementMap":{"0":{"start":{"line":1,"column":0},"end":{"line":1,"column":18}},"3":{"start":{"line":4,"column":0},"end":{"line":4,"column":51}},"7":{"start":{"line":8,"column":0},"end":{"line":8,"column":29}},"8":{"start":{"line":9,"column":0},"end":{"line":9,"column":32}},"10":{"start":{"line":11,"column":0},"end":{"line":11,"column":80}},"11":{"start":{"line":12,"column":0},"end":{"line":12,"column":16}},"16":{"start":{"line":17,"column":0},"end":{"line":17,"column":47}}},"s":{"0":0,"3":0,"7":0,"8":0,"10":0,"11":0,"16":0},"branchMap":{"0":{"type":"branch","line":1,"loc":{"start":{"line":1,"column":539},"end":{"line":20,"column":6}},"locations":[{"start":{"line":1,"column":539},"end":{"line":20,"column":6}}]}},"b":{"0":[0]},"fnMap":{"0":{"name":"(empty-report)","decl":{"start":{"line":1,"column":539},"end":{"line":20,"column":6}},"loc":{"start":{"line":1,"column":539},"end":{"line":20,"column":6}},"line":1}},"f":{"0":0}}
,"/Users/oscar/projects/fuga/fuga-ui/src/lib/components/Button.svelte": {"path":"/Users/oscar/projects/fuga/fuga-ui/src/lib/components/Button.svelte","all":true,"statementMap":{"0":{"start":{"line":1,"column":0},"end":{"line":1,"column":18}},"8":{"start":{"line":9,"column":0},"end":{"line":9,"column":65}},"11":{"start":{"line":12,"column":0},"end":{"line":12,"column":39}},"12":{"start":{"line":13,"column":0},"end":{"line":13,"column":28}},"13":{"start":{"line":14,"column":0},"end":{"line":14,"column":19}},"14":{"start":{"line":15,"column":0},"end":{"line":15,"column":18}},"15":{"start":{"line":16,"column":0},"end":{"line":16,"column":19}},"16":{"start":{"line":17,"column":0},"end":{"line":17,"column":32}},"17":{"start":{"line":18,"column":0},"end":{"line":18,"column":20}},"18":{"start":{"line":19,"column":0},"end":{"line":19,"column":21}},"20":{"start":{"line":21,"column":0},"end":{"line":21,"column":9}},"23":{"start":{"line":24,"column":0},"end":{"line":24,"column":276}},"25":{"start":{"line":26,"column":0},"end":{"line":26,"column":56}},"26":{"start":{"line":27,"column":0},"end":{"line":27,"column":77}},"27":{"start":{"line":28,"column":0},"end":{"line":28,"column":80}},"28":{"start":{"line":29,"column":0},"end":{"line":29,"column":56}},"29":{"start":{"line":30,"column":0},"end":{"line":30,"column":55}},"30":{"start":{"line":31,"column":0},"end":{"line":31,"column":76}},"33":{"start":{"line":34,"column":0},"end":{"line":34,"column":50}},"34":{"start":{"line":35,"column":0},"end":{"line":35,"column":37}},"35":{"start":{"line":36,"column":0},"end":{"line":36,"column":39}},"36":{"start":{"line":37,"column":0},"end":{"line":37,"column":37}},"37":{"start":{"line":38,"column":0},"end":{"line":38,"column":37}},"40":{"start":{"line":41,"column":0},"end":{"line":41,"column":46}},"42":{"start":{"line":43,"column":0},"end":{"line":43,"column":104}},"44":{"start":{"line":45,"column":0},"end":{"line":45,"column":42}},"45":{"start":{"line":46,"column":0},"end":{"line":46,"column":27}},"46":{"start":{"line":47,"column":0},"end":{"line":47,"column":38}},"47":{"start":{"line":48,"column":0},"end":{"line":48,"column":26}},"48":{"start":{"line":49,"column":0},"end":{"line":49,"column":14}},"49":{"start":{"line":50,"column":0},"end":{"line":50,"column":3}},"50":{"start":{"line":51,"column":0},"end":{"line":51,"column":2}},"53":{"start":{"line":54,"column":0},"end":{"line":54,"column":10}},"56":{"start":{"line":57,"column":0},"end":{"line":57,"column":25}},"57":{"start":{"line":58,"column":0},"end":{"line":58,"column":23}},"58":{"start":{"line":59,"column":0},"end":{"line":59,"column":11}},"59":{"start":{"line":60,"column":0},"end":{"line":60,"column":37}},"61":{"start":{"line":62,"column":0},"end":{"line":62,"column":15}},"82":{"start":{"line":83,"column":0},"end":{"line":83,"column":25}},"83":{"start":{"line":84,"column":0},"end":{"line":84,"column":32}},"84":{"start":{"line":85,"column":0},"end":{"line":85,"column":47}},"85":{"start":{"line":86,"column":0},"end":{"line":86,"column":11}},"87":{"start":{"line":88,"column":0},"end":{"line":88,"column":15}}},"s":{"0":0,"8":0,"11":0,"12":0,"13":0,"14":0,"15":0,"16":0,"17":0,"18":0,"20":0,"23":0,"25":0,"26":0,"27":0,"28":0,"29":0,"30":0,"33":0,"34":0,"35":0,"36":0,"37":0,"40":0,"42":0,"44":0,"45":0,"46":0,"47":0,"48":0,"49":0,"50":0,"53":0,"56":0,"57":0,"58":0,"59":0,"61":0,"82":0,"83":0,"84":0,"85":0,"87":0},"branchMap":{"0":{"type":"branch","line":1,"loc":{"start":{"line":1,"column":3122},"end":{"line":106,"column":5}},"locations":[{"start":{"line":1,"column":3122},"end":{"line":106,"column":5}}]}},"b":{"0":[0]},"fnMap":{"0":{"name":"(empty-report)","decl":{"start":{"line":1,"column":3122},"end":{"line":106,"column":5}},"loc":{"start":{"line":1,"column":3122},"end":{"line":106,"column":5}},"line":1}},"f":{"0":0}}
,"/Users/oscar/projects/fuga/fuga-ui/src/lib/components/ConfirmationDialog.svelte": {"path":"/Users/oscar/projects/fuga/fuga-ui/src/lib/components/ConfirmationDialog.svelte","all":true,"statementMap":{"0":{"start":{"line":1,"column":0},"end":{"line":1,"column":18}},"5":{"start":{"line":6,"column":0},"end":{"line":6,"column":15}},"6":{"start":{"line":7,"column":0},"end":{"line":7,"column":42}},"7":{"start":{"line":8,"column":0},"end":{"line":8,"column":46}},"8":{"start":{"line":9,"column":0},"end":{"line":9,"column":50}},"9":{"start":{"line":10,"column":0},"end":{"line":10,"column":48}},"23":{"start":{"line":24,"column":0},"end":{"line":24,"column":27}},"25":{"start":{"line":26,"column":0},"end":{"line":26,"column":2}},"27":{"start":{"line":28,"column":0},"end":{"line":28,"column":26}},"29":{"start":{"line":30,"column":0},"end":{"line":30,"column":2}},"32":{"start":{"line":33,"column":0},"end":{"line":33,"column":47}},"33":{"start":{"line":34,"column":0},"end":{"line":34,"column":31}},"34":{"start":{"line":35,"column":0},"end":{"line":35,"column":18}},"35":{"start":{"line":36,"column":0},"end":{"line":36,"column":37}},"36":{"start":{"line":37,"column":0},"end":{"line":37,"column":19}},"37":{"start":{"line":38,"column":0},"end":{"line":38,"column":3}},"38":{"start":{"line":39,"column":0},"end":{"line":39,"column":2}},"40":{"start":{"line":41,"column":0},"end":{"line":41,"column":16}},"41":{"start":{"line":42,"column":0},"end":{"line":42,"column":13}},"43":{"start":{"line":44,"column":0},"end":{"line":44,"column":53}},"46":{"start":{"line":47,"column":0},"end":{"line":47,"column":55}},"47":{"start":{"line":48,"column":0},"end":{"line":48,"column":78}},"49":{"start":{"line":50,"column":0},"end":{"line":50,"column":62}},"50":{"start":{"line":51,"column":0},"end":{"line":51,"column":24}},"51":{"start":{"line":52,"column":0},"end":{"line":52,"column":27}},"52":{"start":{"line":53,"column":0},"end":{"line":53,"column":4}},"55":{"start":{"line":56,"column":0},"end":{"line":56,"column":17}},"56":{"start":{"line":57,"column":0},"end":{"line":57,"column":57}},"57":{"start":{"line":58,"column":0},"end":{"line":58,"column":5}},"58":{"start":{"line":59,"column":0},"end":{"line":59,"column":3}},"59":{"start":{"line":60,"column":0},"end":{"line":60,"column":4}},"62":{"start":{"line":63,"column":0},"end":{"line":63,"column":10}},"79":{"start":{"line":80,"column":0},"end":{"line":80,"column":11}},"84":{"start":{"line":85,"column":0},"end":{"line":85,"column":13}},"89":{"start":{"line":90,"column":0},"end":{"line":90,"column":92}},"90":{"start":{"line":91,"column":0},"end":{"line":91,"column":17}},"92":{"start":{"line":93,"column":0},"end":{"line":93,"column":78}},"93":{"start":{"line":94,"column":0},"end":{"line":94,"column":18}}},"s":{"0":0,"5":0,"6":0,"7":0,"8":0,"9":0,"23":0,"25":0,"27":0,"29":0,"32":0,"33":0,"34":0,"35":0,"36":0,"37":0,"38":0,"40":0,"41":0,"43":0,"46":0,"47":0,"49":0,"50":0,"51":0,"52":0,"55":0,"56":0,"57":0,"58":0,"59":0,"62":0,"79":0,"84":0,"89":0,"90":0,"92":0,"93":0},"branchMap":{"0":{"type":"branch","line":1,"loc":{"start":{"line":1,"column":2352},"end":{"line":99,"column":5}},"locations":[{"start":{"line":1,"column":2352},"end":{"line":99,"column":5}}]}},"b":{"0":[0]},"fnMap":{"0":{"name":"(empty-report)","decl":{"start":{"line":1,"column":2352},"end":{"line":99,"column":5}},"loc":{"start":{"line":1,"column":2352},"end":{"line":99,"column":5}},"line":1}},"f":{"0":0}}
,"/Users/oscar/projects/fuga/fuga-ui/src/lib/components/Contact.svelte": {"path":"/Users/oscar/projects/fuga/fuga-ui/src/lib/components/Contact.svelte","all":true,"statementMap":{"0":{"start":{"line":1,"column":0},"end":{"line":1,"column":18}},"12":{"start":{"line":13,"column":0},"end":{"line":13,"column":94}},"14":{"start":{"line":15,"column":0},"end":{"line":15,"column":31}},"21":{"start":{"line":22,"column":0},"end":{"line":22,"column":78}},"42":{"start":{"line":43,"column":0},"end":{"line":43,"column":71}},"43":{"start":{"line":44,"column":0},"end":{"line":44,"column":72}},"44":{"start":{"line":45,"column":0},"end":{"line":45,"column":66}},"45":{"start":{"line":46,"column":0},"end":{"line":46,"column":62}},"61":{"start":{"line":62,"column":0},"end":{"line":62,"column":68}},"62":{"start":{"line":63,"column":0},"end":{"line":63,"column":63}},"63":{"start":{"line":64,"column":0},"end":{"line":64,"column":63}},"64":{"start":{"line":65,"column":0},"end":{"line":65,"column":63}},"80":{"start":{"line":81,"column":0},"end":{"line":81,"column":68}},"81":{"start":{"line":82,"column":0},"end":{"line":82,"column":61}},"82":{"start":{"line":83,"column":0},"end":{"line":83,"column":68}},"83":{"start":{"line":84,"column":0},"end":{"line":84,"column":65}},"90":{"start":{"line":91,"column":0},"end":{"line":91,"column":74}},"93":{"start":{"line":94,"column":0},"end":{"line":94,"column":70}},"97":{"start":{"line":98,"column":0},"end":{"line":98,"column":66}},"101":{"start":{"line":102,"column":0},"end":{"line":102,"column":64}},"110":{"start":{"line":111,"column":0},"end":{"line":111,"column":71}},"115":{"start":{"line":116,"column":0},"end":{"line":116,"column":41}},"121":{"start":{"line":122,"column":0},"end":{"line":122,"column":56}},"126":{"start":{"line":127,"column":0},"end":{"line":127,"column":40}},"132":{"start":{"line":133,"column":0},"end":{"line":133,"column":55}},"139":{"start":{"line":140,"column":0},"end":{"line":140,"column":43}},"145":{"start":{"line":146,"column":0},"end":{"line":146,"column":51}},"151":{"start":{"line":152,"column":0},"end":{"line":152,"column":47}},"157":{"start":{"line":158,"column":0},"end":{"line":158,"column":63}},"158":{"start":{"line":159,"column":0},"end":{"line":159,"column":73}},"159":{"start":{"line":160,"column":0},"end":{"line":160,"column":70}},"160":{"start":{"line":161,"column":0},"end":{"line":161,"column":70}},"161":{"start":{"line":162,"column":0},"end":{"line":162,"column":72}},"162":{"start":{"line":163,"column":0},"end":{"line":163,"column":71}},"163":{"start":{"line":164,"column":0},"end":{"line":164,"column":68}},"169":{"start":{"line":170,"column":0},"end":{"line":170,"column":38}},"175":{"start":{"line":176,"column":0},"end":{"line":176,"column":53}},"180":{"start":{"line":181,"column":0},"end":{"line":181,"column":39}},"184":{"start":{"line":185,"column":0},"end":{"line":185,"column":34}}},"s":{"0":0,"12":0,"14":0,"21":0,"42":0,"43":0,"44":0,"45":0,"61":0,"62":0,"63":0,"64":0,"80":0,"81":0,"82":0,"83":0,"90":0,"93":0,"97":0,"101":0,"110":0,"115":0,"121":0,"126":0,"132":0,"139":0,"145":0,"151":0,"157":0,"158":0,"159":0,"160":0,"161":0,"162":0,"163":0,"169":0,"175":0,"180":0,"184":0},"branchMap":{"0":{"type":"branch","line":1,"loc":{"start":{"line":1,"column":7221},"end":{"line":191,"column":10}},"locations":[{"start":{"line":1,"column":7221},"end":{"line":191,"column":10}}]}},"b":{"0":[0]},"fnMap":{"0":{"name":"(empty-report)","decl":{"start":{"line":1,"column":7221},"end":{"line":191,"column":10}},"loc":{"start":{"line":1,"column":7221},"end":{"line":191,"column":10}},"line":1}},"f":{"0":0}}
,"/Users/oscar/projects/fuga/fuga-ui/src/lib/components/Footer.svelte": {"path":"/Users/oscar/projects/fuga/fuga-ui/src/lib/components/Footer.svelte","all":true,"statementMap":{"0":{"start":{"line":1,"column":0},"end":{"line":1,"column":18}},"12":{"start":{"line":13,"column":0},"end":{"line":13,"column":36}},"54":{"start":{"line":55,"column":0},"end":{"line":55,"column":73}},"58":{"start":{"line":59,"column":0},"end":{"line":59,"column":34}},"63":{"start":{"line":64,"column":0},"end":{"line":64,"column":33}},"68":{"start":{"line":69,"column":0},"end":{"line":69,"column":31}},"73":{"start":{"line":74,"column":0},"end":{"line":74,"column":33}},"81":{"start":{"line":82,"column":0},"end":{"line":82,"column":79}},"85":{"start":{"line":86,"column":0},"end":{"line":86,"column":42}},"90":{"start":{"line":91,"column":0},"end":{"line":91,"column":41}},"95":{"start":{"line":96,"column":0},"end":{"line":96,"column":41}},"100":{"start":{"line":101,"column":0},"end":{"line":101,"column":42}},"108":{"start":{"line":109,"column":0},"end":{"line":109,"column":74}},"130":{"start":{"line":131,"column":0},"end":{"line":131,"column":81}},"146":{"start":{"line":147,"column":0},"end":{"line":147,"column":46}},"162":{"start":{"line":163,"column":0},"end":{"line":163,"column":44}},"172":{"start":{"line":173,"column":0},"end":{"line":173,"column":29}},"176":{"start":{"line":177,"column":0},"end":{"line":177,"column":38}},"181":{"start":{"line":182,"column":0},"end":{"line":182,"column":39}},"184":{"start":{"line":185,"column":0},"end":{"line":185,"column":37}}},"s":{"0":0,"12":0,"54":0,"58":0,"63":0,"68":0,"73":0,"81":0,"85":0,"90":0,"95":0,"100":0,"108":0,"130":0,"146":0,"162":0,"172":0,"176":0,"181":0,"184":0},"branchMap":{"0":{"type":"branch","line":1,"loc":{"start":{"line":1,"column":7234},"end":{"line":197,"column":8}},"locations":[{"start":{"line":1,"column":7234},"end":{"line":197,"column":8}}]}},"b":{"0":[0]},"fnMap":{"0":{"name":"(empty-report)","decl":{"start":{"line":1,"column":7234},"end":{"line":197,"column":8}},"loc":{"start":{"line":1,"column":7234},"end":{"line":197,"column":8}},"line":1}},"f":{"0":0}}
,"/Users/oscar/projects/fuga/fuga-ui/src/lib/components/Header.svelte": {"path":"/Users/oscar/projects/fuga/fuga-ui/src/lib/components/Header.svelte","all":true,"statementMap":{"0":{"start":{"line":1,"column":0},"end":{"line":1,"column":18}},"7":{"start":{"line":8,"column":0},"end":{"line":8,"column":37}},"9":{"start":{"line":10,"column":0},"end":{"line":10,"column":29}},"10":{"start":{"line":11,"column":0},"end":{"line":11,"column":37}},"11":{"start":{"line":12,"column":0},"end":{"line":12,"column":2}},"13":{"start":{"line":14,"column":0},"end":{"line":14,"column":28}},"14":{"start":{"line":15,"column":0},"end":{"line":15,"column":26}},"15":{"start":{"line":16,"column":0},"end":{"line":16,"column":2}},"31":{"start":{"line":32,"column":0},"end":{"line":32,"column":28}},"34":{"start":{"line":35,"column":0},"end":{"line":35,"column":27}},"37":{"start":{"line":38,"column":0},"end":{"line":38,"column":25}},"40":{"start":{"line":41,"column":0},"end":{"line":41,"column":24}},"43":{"start":{"line":44,"column":0},"end":{"line":44,"column":27}},"52":{"start":{"line":53,"column":0},"end":{"line":53,"column":60}},"57":{"start":{"line":58,"column":0},"end":{"line":58,"column":29}},"61":{"start":{"line":62,"column":0},"end":{"line":62,"column":27}},"70":{"start":{"line":71,"column":0},"end":{"line":71,"column":30}},"72":{"start":{"line":73,"column":0},"end":{"line":73,"column":36}},"73":{"start":{"line":74,"column":0},"end":{"line":74,"column":82}},"77":{"start":{"line":78,"column":0},"end":{"line":78,"column":26}},"100":{"start":{"line":101,"column":0},"end":{"line":101,"column":23}},"104":{"start":{"line":105,"column":0},"end":{"line":105,"column":40}},"113":{"start":{"line":114,"column":0},"end":{"line":114,"column":30}},"116":{"start":{"line":117,"column":0},"end":{"line":117,"column":29}},"123":{"start":{"line":124,"column":0},"end":{"line":124,"column":30}},"126":{"start":{"line":127,"column":0},"end":{"line":127,"column":28}},"133":{"start":{"line":134,"column":0},"end":{"line":134,"column":30}},"136":{"start":{"line":137,"column":0},"end":{"line":137,"column":26}},"143":{"start":{"line":144,"column":0},"end":{"line":144,"column":30}},"146":{"start":{"line":147,"column":0},"end":{"line":147,"column":25}},"153":{"start":{"line":154,"column":0},"end":{"line":154,"column":30}},"156":{"start":{"line":157,"column":0},"end":{"line":157,"column":28}},"160":{"start":{"line":161,"column":0},"end":{"line":161,"column":60}},"164":{"start":{"line":165,"column":0},"end":{"line":165,"column":31}},"167":{"start":{"line":168,"column":0},"end":{"line":168,"column":29}},"175":{"start":{"line":176,"column":0},"end":{"line":176,"column":31}},"178":{"start":{"line":179,"column":0},"end":{"line":179,"column":27}}},"s":{"0":0,"7":0,"9":0,"10":0,"11":0,"13":0,"14":0,"15":0,"31":0,"34":0,"37":0,"40":0,"43":0,"52":0,"57":0,"61":0,"70":0,"72":0,"73":0,"77":0,"100":0,"104":0,"113":0,"116":0,"123":0,"126":0,"133":0,"136":0,"143":0,"146":0,"153":0,"156":0,"160":0,"164":0,"167":0,"175":0,"178":0},"branchMap":{"0":{"type":"branch","line":1,"loc":{"start":{"line":1,"column":4862},"end":{"line":193,"column":8}},"locations":[{"start":{"line":1,"column":4862},"end":{"line":193,"column":8}}]}},"b":{"0":[0]},"fnMap":{"0":{"name":"(empty-report)","decl":{"start":{"line":1,"column":4862},"end":{"line":193,"column":8}},"loc":{"start":{"line":1,"column":4862},"end":{"line":193,"column":8}},"line":1}},"f":{"0":0}}
,"/Users/oscar/projects/fuga/fuga-ui/src/lib/components/Hero.svelte": {"path":"/Users/oscar/projects/fuga/fuga-ui/src/lib/components/Hero.svelte","all":true,"statementMap":{"0":{"start":{"line":1,"column":0},"end":{"line":1,"column":18}},"13":{"start":{"line":14,"column":0},"end":{"line":14,"column":22}},"15":{"start":{"line":16,"column":0},"end":{"line":16,"column":26}},"24":{"start":{"line":25,"column":0},"end":{"line":25,"column":28}},"34":{"start":{"line":35,"column":0},"end":{"line":35,"column":85}},"35":{"start":{"line":36,"column":0},"end":{"line":36,"column":84}},"39":{"start":{"line":40,"column":0},"end":{"line":40,"column":83}},"40":{"start":{"line":41,"column":0},"end":{"line":41,"column":82}},"44":{"start":{"line":45,"column":0},"end":{"line":45,"column":83}},"45":{"start":{"line":46,"column":0},"end":{"line":46,"column":82}},"55":{"start":{"line":56,"column":0},"end":{"line":56,"column":27}},"61":{"start":{"line":62,"column":0},"end":{"line":62,"column":21}},"62":{"start":{"line":63,"column":0},"end":{"line":63,"column":66}},"63":{"start":{"line":64,"column":0},"end":{"line":64,"column":62}},"64":{"start":{"line":65,"column":0},"end":{"line":65,"column":7}},"66":{"start":{"line":67,"column":0},"end":{"line":67,"column":27}},"72":{"start":{"line":73,"column":0},"end":{"line":73,"column":23}}},"s":{"0":0,"13":0,"15":0,"24":0,"34":0,"35":0,"39":0,"40":0,"44":0,"45":0,"55":0,"61":0,"62":0,"63":0,"64":0,"66":0,"72":0},"branchMap":{"0":{"type":"branch","line":1,"loc":{"start":{"line":1,"column":2646},"end":{"line":77,"column":10}},"locations":[{"start":{"line":1,"column":2646},"end":{"line":77,"column":10}}]}},"b":{"0":[0]},"fnMap":{"0":{"name":"(empty-report)","decl":{"start":{"line":1,"column":2646},"end":{"line":77,"column":10}},"loc":{"start":{"line":1,"column":2646},"end":{"line":77,"column":10}},"line":1}},"f":{"0":0}}
,"/Users/oscar/projects/fuga/fuga-ui/src/lib/components/Pricing.svelte": {"path":"/Users/oscar/projects/fuga/fuga-ui/src/lib/components/Pricing.svelte","all":true,"statementMap":{"0":{"start":{"line":1,"column":0},"end":{"line":1,"column":18}},"12":{"start":{"line":13,"column":0},"end":{"line":13,"column":94}},"14":{"start":{"line":15,"column":0},"end":{"line":15,"column":31}},"27":{"start":{"line":28,"column":0},"end":{"line":28,"column":33}},"29":{"start":{"line":30,"column":0},"end":{"line":30,"column":77}},"33":{"start":{"line":34,"column":0},"end":{"line":34,"column":76}},"51":{"start":{"line":52,"column":0},"end":{"line":52,"column":40}},"67":{"start":{"line":68,"column":0},"end":{"line":68,"column":41}},"83":{"start":{"line":84,"column":0},"end":{"line":84,"column":43}},"99":{"start":{"line":100,"column":0},"end":{"line":100,"column":38}},"104":{"start":{"line":105,"column":0},"end":{"line":105,"column":31}},"113":{"start":{"line":114,"column":0},"end":{"line":114,"column":86}},"117":{"start":{"line":118,"column":0},"end":{"line":118,"column":73}},"135":{"start":{"line":136,"column":0},"end":{"line":136,"column":35}},"151":{"start":{"line":152,"column":0},"end":{"line":152,"column":41}},"167":{"start":{"line":168,"column":0},"end":{"line":168,"column":36}},"183":{"start":{"line":184,"column":0},"end":{"line":184,"column":39}},"199":{"start":{"line":200,"column":0},"end":{"line":200,"column":40}},"204":{"start":{"line":205,"column":0},"end":{"line":205,"column":40}},"216":{"start":{"line":217,"column":0},"end":{"line":217,"column":29}},"218":{"start":{"line":219,"column":0},"end":{"line":219,"column":88}},"222":{"start":{"line":223,"column":0},"end":{"line":223,"column":68}},"240":{"start":{"line":241,"column":0},"end":{"line":241,"column":39}},"256":{"start":{"line":257,"column":0},"end":{"line":257,"column":41}},"272":{"start":{"line":273,"column":0},"end":{"line":273,"column":38}},"288":{"start":{"line":289,"column":0},"end":{"line":289,"column":39}},"304":{"start":{"line":305,"column":0},"end":{"line":305,"column":40}},"309":{"start":{"line":310,"column":0},"end":{"line":310,"column":30}},"316":{"start":{"line":317,"column":0},"end":{"line":317,"column":68}},"330":{"start":{"line":331,"column":0},"end":{"line":331,"column":39}},"342":{"start":{"line":343,"column":0},"end":{"line":343,"column":40}},"354":{"start":{"line":355,"column":0},"end":{"line":355,"column":36}},"366":{"start":{"line":367,"column":0},"end":{"line":367,"column":41}},"374":{"start":{"line":375,"column":0},"end":{"line":375,"column":34}},"376":{"start":{"line":377,"column":0},"end":{"line":377,"column":30}},"378":{"start":{"line":379,"column":0},"end":{"line":379,"column":42}}},"s":{"0":0,"12":0,"14":0,"27":0,"29":0,"33":0,"51":0,"67":0,"83":0,"99":0,"104":0,"113":0,"117":0,"135":0,"151":0,"167":0,"183":0,"199":0,"204":0,"216":0,"218":0,"222":0,"240":0,"256":0,"272":0,"288":0,"304":0,"309":0,"316":0,"330":0,"342":0,"354":0,"366":0,"374":0,"376":0,"378":0},"branchMap":{"0":{"type":"branch","line":1,"loc":{"start":{"line":1,"column":10368},"end":{"line":383,"column":10}},"locations":[{"start":{"line":1,"column":10368},"end":{"line":383,"column":10}}]}},"b":{"0":[0]},"fnMap":{"0":{"name":"(empty-report)","decl":{"start":{"line":1,"column":10368},"end":{"line":383,"column":10}},"loc":{"start":{"line":1,"column":10368},"end":{"line":383,"column":10}},"line":1}},"f":{"0":0}}
,"/Users/oscar/projects/fuga/fuga-ui/src/lib/components/ReducedHeader.svelte": {"path":"/Users/oscar/projects/fuga/fuga-ui/src/lib/components/ReducedHeader.svelte","all":true,"statementMap":{"0":{"start":{"line":1,"column":0},"end":{"line":1,"column":18}}},"s":{"0":0},"branchMap":{"0":{"type":"branch","line":1,"loc":{"start":{"line":1,"column":411},"end":{"line":16,"column":9}},"locations":[{"start":{"line":1,"column":411},"end":{"line":16,"column":9}}]}},"b":{"0":[0]},"fnMap":{"0":{"name":"(empty-report)","decl":{"start":{"line":1,"column":411},"end":{"line":16,"column":9}},"loc":{"start":{"line":1,"column":411},"end":{"line":16,"column":9}},"line":1}},"f":{"0":0}}
,"/Users/oscar/projects/fuga/fuga-ui/src/lib/components/Services.svelte": {"path":"/Users/oscar/projects/fuga/fuga-ui/src/lib/components/Services.svelte","all":true,"statementMap":{"0":{"start":{"line":1,"column":0},"end":{"line":1,"column":18}},"4":{"start":{"line":5,"column":0},"end":{"line":5,"column":35}},"5":{"start":{"line":6,"column":0},"end":{"line":6,"column":40}},"6":{"start":{"line":7,"column":0},"end":{"line":7,"column":40}},"7":{"start":{"line":8,"column":0},"end":{"line":8,"column":40}},"8":{"start":{"line":9,"column":0},"end":{"line":9,"column":39}},"11":{"start":{"line":12,"column":0},"end":{"line":12,"column":35}},"12":{"start":{"line":13,"column":0},"end":{"line":13,"column":50}},"13":{"start":{"line":14,"column":0},"end":{"line":14,"column":50}},"14":{"start":{"line":15,"column":0},"end":{"line":15,"column":50}},"15":{"start":{"line":16,"column":0},"end":{"line":16,"column":49}},"18":{"start":{"line":19,"column":0},"end":{"line":19,"column":35}},"19":{"start":{"line":20,"column":0},"end":{"line":20,"column":50}},"20":{"start":{"line":21,"column":0},"end":{"line":21,"column":50}},"21":{"start":{"line":22,"column":0},"end":{"line":22,"column":50}},"22":{"start":{"line":23,"column":0},"end":{"line":23,"column":49}},"25":{"start":{"line":26,"column":0},"end":{"line":26,"column":36}},"26":{"start":{"line":27,"column":0},"end":{"line":27,"column":51}},"27":{"start":{"line":28,"column":0},"end":{"line":28,"column":51}},"28":{"start":{"line":29,"column":0},"end":{"line":29,"column":51}},"29":{"start":{"line":30,"column":0},"end":{"line":30,"column":50}},"40":{"start":{"line":41,"column":0},"end":{"line":41,"column":95}},"42":{"start":{"line":43,"column":0},"end":{"line":43,"column":32}},"54":{"start":{"line":55,"column":0},"end":{"line":55,"column":36}},"57":{"start":{"line":58,"column":0},"end":{"line":58,"column":36}},"60":{"start":{"line":61,"column":0},"end":{"line":61,"column":42}},"63":{"start":{"line":64,"column":0},"end":{"line":64,"column":40}},"78":{"start":{"line":79,"column":0},"end":{"line":79,"column":17}},"85":{"start":{"line":86,"column":0},"end":{"line":86,"column":93}},"87":{"start":{"line":88,"column":0},"end":{"line":88,"column":48}},"100":{"start":{"line":101,"column":0},"end":{"line":101,"column":37}},"103":{"start":{"line":104,"column":0},"end":{"line":104,"column":37}},"106":{"start":{"line":107,"column":0},"end":{"line":107,"column":43}},"117":{"start":{"line":118,"column":0},"end":{"line":118,"column":46}},"120":{"start":{"line":121,"column":0},"end":{"line":121,"column":52}},"123":{"start":{"line":124,"column":0},"end":{"line":124,"column":40}},"124":{"start":{"line":125,"column":0},"end":{"line":125,"column":27}},"135":{"start":{"line":136,"column":0},"end":{"line":136,"column":46}},"138":{"start":{"line":139,"column":0},"end":{"line":139,"column":52}},"141":{"start":{"line":142,"column":0},"end":{"line":142,"column":40}},"142":{"start":{"line":143,"column":0},"end":{"line":143,"column":27}},"153":{"start":{"line":154,"column":0},"end":{"line":154,"column":47}},"156":{"start":{"line":157,"column":0},"end":{"line":157,"column":53}},"159":{"start":{"line":160,"column":0},"end":{"line":160,"column":41}},"160":{"start":{"line":161,"column":0},"end":{"line":161,"column":27}}},"s":{"0":0,"4":0,"5":0,"6":0,"7":0,"8":0,"11":0,"12":0,"13":0,"14":0,"15":0,"18":0,"19":0,"20":0,"21":0,"22":0,"25":0,"26":0,"27":0,"28":0,"29":0,"40":0,"42":0,"54":0,"57":0,"60":0,"63":0,"78":0,"85":0,"87":0,"100":0,"103":0,"106":0,"117":0,"120":0,"123":0,"124":0,"135":0,"138":0,"141":0,"142":0,"153":0,"156":0,"159":0,"160":0},"branchMap":{"0":{"type":"branch","line":1,"loc":{"start":{"line":1,"column":5434},"end":{"line":168,"column":10}},"locations":[{"start":{"line":1,"column":5434},"end":{"line":168,"column":10}}]}},"b":{"0":[0]},"fnMap":{"0":{"name":"(empty-report)","decl":{"start":{"line":1,"column":5434},"end":{"line":168,"column":10}},"loc":{"start":{"line":1,"column":5434},"end":{"line":168,"column":10}},"line":1}},"f":{"0":0}}
,"/Users/oscar/projects/fuga/fuga-ui/src/lib/components/UserHeader.svelte": {"path":"/Users/oscar/projects/fuga/fuga-ui/src/lib/components/UserHeader.svelte","all":true,"statementMap":{"0":{"start":{"line":1,"column":0},"end":{"line":1,"column":18}},"8":{"start":{"line":9,"column":0},"end":{"line":9,"column":37}},"10":{"start":{"line":11,"column":0},"end":{"line":11,"column":29}},"11":{"start":{"line":12,"column":0},"end":{"line":12,"column":37}},"12":{"start":{"line":13,"column":0},"end":{"line":13,"column":2}},"14":{"start":{"line":15,"column":0},"end":{"line":15,"column":28}},"15":{"start":{"line":16,"column":0},"end":{"line":16,"column":26}},"16":{"start":{"line":17,"column":0},"end":{"line":17,"column":2}},"34":{"start":{"line":35,"column":0},"end":{"line":35,"column":26}},"43":{"start":{"line":44,"column":0},"end":{"line":44,"column":30}},"45":{"start":{"line":46,"column":0},"end":{"line":46,"column":36}},"46":{"start":{"line":47,"column":0},"end":{"line":47,"column":82}},"49":{"start":{"line":50,"column":0},"end":{"line":50,"column":26}},"72":{"start":{"line":73,"column":0},"end":{"line":73,"column":23}},"76":{"start":{"line":77,"column":0},"end":{"line":77,"column":40}},"80":{"start":{"line":81,"column":0},"end":{"line":81,"column":91}},"81":{"start":{"line":82,"column":0},"end":{"line":82,"column":26}}},"s":{"0":0,"8":0,"10":0,"11":0,"12":0,"14":0,"15":0,"16":0,"34":0,"43":0,"45":0,"46":0,"49":0,"72":0,"76":0,"80":0,"81":0},"branchMap":{"0":{"type":"branch","line":1,"loc":{"start":{"line":1,"column":2450},"end":{"line":96,"column":8}},"locations":[{"start":{"line":1,"column":2450},"end":{"line":96,"column":8}}]}},"b":{"0":[0]},"fnMap":{"0":{"name":"(empty-report)","decl":{"start":{"line":1,"column":2450},"end":{"line":96,"column":8}},"loc":{"start":{"line":1,"column":2450},"end":{"line":96,"column":8}},"line":1}},"f":{"0":0}}
,"/Users/oscar/projects/fuga/fuga-ui/src/lib/i18n/index.ts": {"path":"/Users/oscar/projects/fuga/fuga-ui/src/lib/i18n/index.ts","all":false,"statementMap":{"1":{"start":{"line":2,"column":0},"end":{"line":2,"column":34}},"4":{"start":{"line":5,"column":0},"end":{"line":5,"column":27}},"5":{"start":{"line":6,"column":0},"end":{"line":6,"column":27}},"7":{"start":{"line":8,"column":0},"end":{"line":8,"column":24}},"8":{"start":{"line":9,"column":0},"end":{"line":9,"column":11}},"9":{"start":{"line":10,"column":0},"end":{"line":10,"column":3}},"10":{"start":{"line":11,"column":0},"end":{"line":11,"column":16}},"11":{"start":{"line":12,"column":0},"end":{"line":12,"column":11}},"12":{"start":{"line":13,"column":0},"end":{"line":13,"column":25}},"13":{"start":{"line":14,"column":0},"end":{"line":14,"column":4}},"14":{"start":{"line":15,"column":0},"end":{"line":15,"column":3}},"15":{"start":{"line":16,"column":0},"end":{"line":16,"column":16}},"16":{"start":{"line":17,"column":0},"end":{"line":17,"column":11}},"17":{"start":{"line":18,"column":0},"end":{"line":18,"column":25}},"18":{"start":{"line":19,"column":0},"end":{"line":19,"column":3}},"19":{"start":{"line":20,"column":0},"end":{"line":20,"column":3}},"20":{"start":{"line":21,"column":0},"end":{"line":21,"column":21}},"21":{"start":{"line":22,"column":0},"end":{"line":22,"column":2}},"23":{"start":{"line":24,"column":0},"end":{"line":24,"column":82}},"26":{"start":{"line":27,"column":0},"end":{"line":27,"column":49}}},"s":{"1":1,"4":1,"5":1,"7":1,"8":1,"9":1,"10":1,"11":1,"12":1,"13":1,"14":1,"15":1,"16":1,"17":1,"18":1,"19":1,"20":1,"21":1,"23":1,"26":1},"branchMap":{"0":{"type":"branch","line":13,"loc":{"start":{"line":13,"column":11},"end":{"line":13,"column":25}},"locations":[{"start":{"line":13,"column":11},"end":{"line":13,"column":25}}]}},"b":{"0":[1]},"fnMap":{"0":{"name":"loader","decl":{"start":{"line":13,"column":11},"end":{"line":13,"column":25}},"loc":{"start":{"line":13,"column":11},"end":{"line":13,"column":25}},"line":13},"1":{"name":"loader","decl":{"start":{"line":18,"column":11},"end":{"line":18,"column":25}},"loc":{"start":{"line":18,"column":11},"end":{"line":18,"column":25}},"line":18}},"f":{"0":1,"1":0}}
,"/Users/oscar/projects/fuga/fuga-ui/src/lib/i18n/server-i18n.ts": {"path":"/Users/oscar/projects/fuga/fuga-ui/src/lib/i18n/server-i18n.ts","all":true,"statementMap":{"1":{"start":{"line":2,"column":0},"end":{"line":2,"column":39}},"2":{"start":{"line":3,"column":0},"end":{"line":3,"column":39}},"4":{"start":{"line":5,"column":0},"end":{"line":5,"column":22}},"5":{"start":{"line":6,"column":0},"end":{"line":6,"column":20}},"6":{"start":{"line":7,"column":0},"end":{"line":7,"column":19}},"7":{"start":{"line":8,"column":0},"end":{"line":8,"column":2}},"12":{"start":{"line":13,"column":0},"end":{"line":13,"column":61}},"13":{"start":{"line":14,"column":0},"end":{"line":14,"column":45}},"14":{"start":{"line":15,"column":0},"end":{"line":15,"column":30}},"15":{"start":{"line":16,"column":0},"end":{"line":16,"column":31}},"16":{"start":{"line":17,"column":0},"end":{"line":17,"column":72}},"18":{"start":{"line":19,"column":0},"end":{"line":19,"column":25}},"19":{"start":{"line":20,"column":0},"end":{"line":20,"column":58}},"20":{"start":{"line":21,"column":0},"end":{"line":21,"column":41}},"21":{"start":{"line":22,"column":0},"end":{"line":22,"column":11}},"23":{"start":{"line":24,"column":0},"end":{"line":24,"column":15}},"24":{"start":{"line":25,"column":0},"end":{"line":25,"column":4}},"25":{"start":{"line":26,"column":0},"end":{"line":26,"column":3}},"28":{"start":{"line":29,"column":0},"end":{"line":29,"column":34}},"29":{"start":{"line":30,"column":0},"end":{"line":30,"column":16}},"30":{"start":{"line":31,"column":0},"end":{"line":31,"column":3}},"33":{"start":{"line":34,"column":0},"end":{"line":34,"column":13}},"34":{"start":{"line":35,"column":0},"end":{"line":35,"column":3}},"36":{"start":{"line":37,"column":0},"end":{"line":37,"column":22}},"37":{"start":{"line":38,"column":0},"end":{"line":38,"column":1}}},"s":{"1":0,"2":0,"4":0,"5":0,"6":0,"7":0,"12":0,"13":0,"14":0,"15":0,"16":0,"18":0,"19":0,"20":0,"21":0,"23":0,"24":0,"25":0,"28":0,"29":0,"30":0,"33":0,"34":0,"36":0,"37":0},"branchMap":{"0":{"type":"branch","line":1,"loc":{"start":{"line":1,"column":894},"end":{"line":38,"column":1}},"locations":[{"start":{"line":1,"column":894},"end":{"line":38,"column":1}}]}},"b":{"0":[1]},"fnMap":{"0":{"name":"(empty-report)","decl":{"start":{"line":1,"column":894},"end":{"line":38,"column":1}},"loc":{"start":{"line":1,"column":894},"end":{"line":38,"column":1}},"line":1}},"f":{"0":1}}
,"/Users/oscar/projects/fuga/fuga-ui/src/lib/utils/authUtils.ts": {"path":"/Users/oscar/projects/fuga/fuga-ui/src/lib/utils/authUtils.ts","all":true,"statementMap":{"0":{"start":{"line":1,"column":0},"end":{"line":1,"column":41}},"1":{"start":{"line":2,"column":0},"end":{"line":2,"column":47}},"11":{"start":{"line":12,"column":0},"end":{"line":12,"column":55}},"12":{"start":{"line":13,"column":0},"end":{"line":13,"column":35}},"14":{"start":{"line":15,"column":0},"end":{"line":15,"column":6}},"16":{"start":{"line":17,"column":0},"end":{"line":17,"column":51}},"17":{"start":{"line":18,"column":0},"end":{"line":18,"column":52}},"20":{"start":{"line":21,"column":0},"end":{"line":21,"column":50}},"22":{"start":{"line":23,"column":0},"end":{"line":23,"column":14}},"23":{"start":{"line":24,"column":0},"end":{"line":24,"column":55}},"25":{"start":{"line":26,"column":0},"end":{"line":26,"column":3}},"28":{"start":{"line":29,"column":0},"end":{"line":29,"column":26}},"29":{"start":{"line":30,"column":0},"end":{"line":30,"column":29}},"32":{"start":{"line":33,"column":0},"end":{"line":33,"column":27}},"33":{"start":{"line":34,"column":0},"end":{"line":34,"column":18}},"34":{"start":{"line":35,"column":0},"end":{"line":35,"column":40}},"37":{"start":{"line":38,"column":0},"end":{"line":38,"column":51}},"38":{"start":{"line":39,"column":0},"end":{"line":39,"column":52}},"41":{"start":{"line":42,"column":0},"end":{"line":42,"column":26}},"42":{"start":{"line":43,"column":0},"end":{"line":43,"column":29}},"45":{"start":{"line":46,"column":0},"end":{"line":46,"column":27}},"46":{"start":{"line":47,"column":0},"end":{"line":47,"column":2}},"47":{"start":{"line":48,"column":0},"end":{"line":48,"column":1}}},"s":{"0":0,"1":0,"11":0,"12":0,"14":0,"16":0,"17":0,"20":0,"22":0,"23":0,"25":0,"28":0,"29":0,"32":0,"33":0,"34":0,"37":0,"38":0,"41":0,"42":0,"45":0,"46":0,"47":0},"branchMap":{"0":{"type":"branch","line":1,"loc":{"start":{"line":1,"column":1303},"end":{"line":48,"column":1}},"locations":[{"start":{"line":1,"column":1303},"end":{"line":48,"column":1}}]}},"b":{"0":[0]},"fnMap":{"0":{"name":"(empty-report)","decl":{"start":{"line":1,"column":1303},"end":{"line":48,"column":1}},"loc":{"start":{"line":1,"column":1303},"end":{"line":48,"column":1}},"line":1}},"f":{"0":0}}
,"/Users/oscar/projects/fuga/fuga-ui/src/lib/utils/dateUtils.ts": {"path":"/Users/oscar/projects/fuga/fuga-ui/src/lib/utils/dateUtils.ts","all":true,"statementMap":{"5":{"start":{"line":6,"column":0},"end":{"line":6,"column":59}},"6":{"start":{"line":7,"column":0},"end":{"line":7,"column":35}},"7":{"start":{"line":8,"column":0},"end":{"line":8,"column":42}},"8":{"start":{"line":9,"column":0},"end":{"line":9,"column":18}},"9":{"start":{"line":10,"column":0},"end":{"line":10,"column":16}},"10":{"start":{"line":11,"column":0},"end":{"line":11,"column":16}},"11":{"start":{"line":12,"column":0},"end":{"line":12,"column":4}},"12":{"start":{"line":13,"column":0},"end":{"line":13,"column":2}}},"s":{"5":0,"6":0,"7":0,"8":0,"9":0,"10":0,"11":0,"12":0},"branchMap":{"0":{"type":"branch","line":1,"loc":{"start":{"line":1,"column":368},"end":{"line":13,"column":2}},"locations":[{"start":{"line":1,"column":368},"end":{"line":13,"column":2}}]}},"b":{"0":[1]},"fnMap":{"0":{"name":"(empty-report)","decl":{"start":{"line":1,"column":368},"end":{"line":13,"column":2}},"loc":{"start":{"line":1,"column":368},"end":{"line":13,"column":2}},"line":1}},"f":{"0":1}}
,"/Users/oscar/projects/fuga/fuga-ui/src/lib/utils/errorTranslations.ts": {"path":"/Users/oscar/projects/fuga/fuga-ui/src/lib/utils/errorTranslations.ts","all":true,"statementMap":{"1":{"start":{"line":2,"column":0},"end":{"line":2,"column":42}},"2":{"start":{"line":3,"column":0},"end":{"line":3,"column":38}},"3":{"start":{"line":4,"column":0},"end":{"line":4,"column":27}},"4":{"start":{"line":5,"column":0},"end":{"line":5,"column":11}},"5":{"start":{"line":6,"column":0},"end":{"line":6,"column":18}},"6":{"start":{"line":7,"column":0},"end":{"line":7,"column":42}},"7":{"start":{"line":8,"column":0},"end":{"line":8,"column":2}},"10":{"start":{"line":11,"column":0},"end":{"line":11,"column":48}},"11":{"start":{"line":12,"column":0},"end":{"line":12,"column":57}},"12":{"start":{"line":13,"column":0},"end":{"line":13,"column":57}},"13":{"start":{"line":14,"column":0},"end":{"line":14,"column":47}},"14":{"start":{"line":15,"column":0},"end":{"line":15,"column":45}},"15":{"start":{"line":16,"column":0},"end":{"line":16,"column":43}},"16":{"start":{"line":17,"column":0},"end":{"line":17,"column":44}},"17":{"start":{"line":18,"column":0},"end":{"line":18,"column":3}},"19":{"start":{"line":20,"column":0},"end":{"line":20,"column":78}},"20":{"start":{"line":21,"column":0},"end":{"line":21,"column":26}},"21":{"start":{"line":22,"column":0},"end":{"line":22,"column":1}}},"s":{"1":0,"2":0,"3":0,"4":0,"5":0,"6":0,"7":0,"10":0,"11":0,"12":0,"13":0,"14":0,"15":0,"16":0,"17":0,"19":0,"20":0,"21":0},"branchMap":{"0":{"type":"branch","line":1,"loc":{"start":{"line":1,"column":779},"end":{"line":22,"column":1}},"locations":[{"start":{"line":1,"column":779},"end":{"line":22,"column":1}}]}},"b":{"0":[1]},"fnMap":{"0":{"name":"(empty-report)","decl":{"start":{"line":1,"column":779},"end":{"line":22,"column":1}},"loc":{"start":{"line":1,"column":779},"end":{"line":22,"column":1}},"line":1}},"f":{"0":1}}
,"/Users/oscar/projects/fuga/fuga-ui/src/routes/+layout.server.ts": {"path":"/Users/oscar/projects/fuga/fuga-ui/src/routes/+layout.server.ts","all":true,"statementMap":{"0":{"start":{"line":1,"column":0},"end":{"line":1,"column":53}},"3":{"start":{"line":4,"column":0},"end":{"line":4,"column":70}},"4":{"start":{"line":5,"column":0},"end":{"line":5,"column":63}},"5":{"start":{"line":6,"column":0},"end":{"line":6,"column":27}},"7":{"start":{"line":8,"column":0},"end":{"line":8,"column":22}},"9":{"start":{"line":10,"column":0},"end":{"line":10,"column":65}},"10":{"start":{"line":11,"column":0},"end":{"line":11,"column":40}},"11":{"start":{"line":12,"column":0},"end":{"line":12,"column":79}},"12":{"start":{"line":13,"column":0},"end":{"line":13,"column":2}},"14":{"start":{"line":15,"column":0},"end":{"line":15,"column":40}},"15":{"start":{"line":16,"column":0},"end":{"line":16,"column":28}},"17":{"start":{"line":18,"column":0},"end":{"line":18,"column":9}},"18":{"start":{"line":19,"column":0},"end":{"line":19,"column":25}},"19":{"start":{"line":20,"column":0},"end":{"line":20,"column":20}},"20":{"start":{"line":21,"column":0},"end":{"line":21,"column":25}},"21":{"start":{"line":22,"column":0},"end":{"line":22,"column":3}},"22":{"start":{"line":23,"column":0},"end":{"line":23,"column":2}}},"s":{"0":0,"3":0,"4":0,"5":0,"7":0,"9":0,"10":0,"11":0,"12":0,"14":0,"15":0,"17":0,"18":0,"19":0,"20":0,"21":0,"22":0},"branchMap":{"0":{"type":"branch","line":1,"loc":{"start":{"line":1,"column":700},"end":{"line":23,"column":2}},"locations":[{"start":{"line":1,"column":700},"end":{"line":23,"column":2}}]}},"b":{"0":[0]},"fnMap":{"0":{"name":"(empty-report)","decl":{"start":{"line":1,"column":700},"end":{"line":23,"column":2}},"loc":{"start":{"line":1,"column":700},"end":{"line":23,"column":2}},"line":1}},"f":{"0":0}}
,"/Users/oscar/projects/fuga/fuga-ui/src/routes/+layout.svelte": {"path":"/Users/oscar/projects/fuga/fuga-ui/src/routes/+layout.svelte","all":true,"statementMap":{"0":{"start":{"line":1,"column":0},"end":{"line":1,"column":18}},"8":{"start":{"line":9,"column":0},"end":{"line":9,"column":35}}},"s":{"0":0,"8":0},"branchMap":{"0":{"type":"branch","line":1,"loc":{"start":{"line":1,"column":219},"end":{"line":12,"column":22}},"locations":[{"start":{"line":1,"column":219},"end":{"line":12,"column":22}}]}},"b":{"0":[0]},"fnMap":{"0":{"name":"(empty-report)","decl":{"start":{"line":1,"column":219},"end":{"line":12,"column":22}},"loc":{"start":{"line":1,"column":219},"end":{"line":12,"column":22}},"line":1}},"f":{"0":0}}
,"/Users/oscar/projects/fuga/fuga-ui/src/routes/+layout.ts": {"path":"/Users/oscar/projects/fuga/fuga-ui/src/routes/+layout.ts","all":true,"statementMap":{"0":{"start":{"line":1,"column":0},"end":{"line":1,"column":53}},"2":{"start":{"line":3,"column":0},"end":{"line":3,"column":43}},"4":{"start":{"line":5,"column":0},"end":{"line":5,"column":53}},"5":{"start":{"line":6,"column":0},"end":{"line":6,"column":15}},"6":{"start":{"line":7,"column":0},"end":{"line":7,"column":35}},"8":{"start":{"line":9,"column":0},"end":{"line":9,"column":24}},"9":{"start":{"line":10,"column":0},"end":{"line":10,"column":56}},"10":{"start":{"line":11,"column":0},"end":{"line":11,"column":41}},"11":{"start":{"line":12,"column":0},"end":{"line":12,"column":80}},"12":{"start":{"line":13,"column":0},"end":{"line":13,"column":3}},"14":{"start":{"line":15,"column":0},"end":{"line":15,"column":41}},"15":{"start":{"line":16,"column":0},"end":{"line":16,"column":29}},"16":{"start":{"line":17,"column":0},"end":{"line":17,"column":2}},"17":{"start":{"line":18,"column":0},"end":{"line":18,"column":20}},"18":{"start":{"line":19,"column":0},"end":{"line":19,"column":2}}},"s":{"0":0,"2":0,"4":0,"5":0,"6":0,"8":0,"9":0,"10":0,"11":0,"12":0,"14":0,"15":0,"16":0,"17":0,"18":0},"branchMap":{"0":{"type":"branch","line":1,"loc":{"start":{"line":1,"column":558},"end":{"line":19,"column":2}},"locations":[{"start":{"line":1,"column":558},"end":{"line":19,"column":2}}]}},"b":{"0":[0]},"fnMap":{"0":{"name":"(empty-report)","decl":{"start":{"line":1,"column":558},"end":{"line":19,"column":2}},"loc":{"start":{"line":1,"column":558},"end":{"line":19,"column":2}},"line":1}},"f":{"0":0}}
,"/Users/oscar/projects/fuga/fuga-ui/src/routes/+page.svelte": {"path":"/Users/oscar/projects/fuga/fuga-ui/src/routes/+page.svelte","all":true,"statementMap":{"0":{"start":{"line":1,"column":0},"end":{"line":1,"column":18}},"12":{"start":{"line":13,"column":0},"end":{"line":13,"column":53}}},"s":{"0":0,"12":0},"branchMap":{"0":{"type":"branch","line":1,"loc":{"start":{"line":1,"column":633},"end":{"line":22,"column":6}},"locations":[{"start":{"line":1,"column":633},"end":{"line":22,"column":6}}]}},"b":{"0":[0]},"fnMap":{"0":{"name":"(empty-report)","decl":{"start":{"line":1,"column":633},"end":{"line":22,"column":6}},"loc":{"start":{"line":1,"column":633},"end":{"line":22,"column":6}},"line":1}},"f":{"0":0}}
,"/Users/oscar/projects/fuga/fuga-ui/src/routes/admin/+page.server.ts": {"path":"/Users/oscar/projects/fuga/fuga-ui/src/routes/admin/+page.server.ts","all":true,"statementMap":{"0":{"start":{"line":1,"column":0},"end":{"line":1,"column":41}},"2":{"start":{"line":3,"column":0},"end":{"line":3,"column":50}},"4":{"start":{"line":5,"column":0},"end":{"line":5,"column":59}},"6":{"start":{"line":7,"column":0},"end":{"line":7,"column":20}},"7":{"start":{"line":8,"column":0},"end":{"line":8,"column":32}},"8":{"start":{"line":9,"column":0},"end":{"line":9,"column":2}},"11":{"start":{"line":12,"column":0},"end":{"line":12,"column":40}},"12":{"start":{"line":13,"column":0},"end":{"line":13,"column":31}},"13":{"start":{"line":14,"column":0},"end":{"line":14,"column":2}},"16":{"start":{"line":17,"column":0},"end":{"line":17,"column":9}},"17":{"start":{"line":18,"column":0},"end":{"line":18,"column":20}},"18":{"start":{"line":19,"column":0},"end":{"line":19,"column":25}},"19":{"start":{"line":20,"column":0},"end":{"line":20,"column":3}},"20":{"start":{"line":21,"column":0},"end":{"line":21,"column":2}},"22":{"start":{"line":23,"column":0},"end":{"line":23,"column":33}},"23":{"start":{"line":24,"column":0},"end":{"line":24,"column":27}},"24":{"start":{"line":25,"column":0},"end":{"line":25,"column":26}},"25":{"start":{"line":26,"column":0},"end":{"line":26,"column":2}},"26":{"start":{"line":27,"column":0},"end":{"line":27,"column":2}}},"s":{"0":0,"2":0,"4":0,"6":0,"7":0,"8":0,"11":0,"12":0,"13":0,"16":0,"17":0,"18":0,"19":0,"20":0,"22":0,"23":0,"24":0,"25":0,"26":0},"branchMap":{"0":{"type":"branch","line":1,"loc":{"start":{"line":1,"column":636},"end":{"line":27,"column":2}},"locations":[{"start":{"line":1,"column":636},"end":{"line":27,"column":2}}]}},"b":{"0":[0]},"fnMap":{"0":{"name":"(empty-report)","decl":{"start":{"line":1,"column":636},"end":{"line":27,"column":2}},"loc":{"start":{"line":1,"column":636},"end":{"line":27,"column":2}},"line":1}},"f":{"0":0}}
,"/Users/oscar/projects/fuga/fuga-ui/src/routes/admin/+page.svelte": {"path":"/Users/oscar/projects/fuga/fuga-ui/src/routes/admin/+page.svelte","all":true,"statementMap":{"0":{"start":{"line":1,"column":0},"end":{"line":1,"column":18}},"14":{"start":{"line":15,"column":0},"end":{"line":15,"column":67}},"19":{"start":{"line":20,"column":0},"end":{"line":20,"column":74}},"23":{"start":{"line":24,"column":0},"end":{"line":24,"column":25}},"25":{"start":{"line":26,"column":0},"end":{"line":26,"column":50}},"28":{"start":{"line":29,"column":0},"end":{"line":29,"column":34}},"31":{"start":{"line":32,"column":0},"end":{"line":32,"column":29}},"33":{"start":{"line":34,"column":0},"end":{"line":34,"column":57}},"37":{"start":{"line":38,"column":0},"end":{"line":38,"column":33}},"40":{"start":{"line":41,"column":0},"end":{"line":41,"column":29}},"42":{"start":{"line":43,"column":0},"end":{"line":43,"column":56}},"48":{"start":{"line":49,"column":0},"end":{"line":49,"column":24}},"50":{"start":{"line":51,"column":0},"end":{"line":51,"column":73}},"56":{"start":{"line":57,"column":0},"end":{"line":57,"column":73}},"60":{"start":{"line":61,"column":0},"end":{"line":61,"column":31}},"63":{"start":{"line":64,"column":0},"end":{"line":64,"column":37}},"64":{"start":{"line":65,"column":0},"end":{"line":65,"column":45}},"66":{"start":{"line":67,"column":0},"end":{"line":67,"column":33}},"73":{"start":{"line":74,"column":0},"end":{"line":74,"column":31}},"76":{"start":{"line":77,"column":0},"end":{"line":77,"column":37}},"77":{"start":{"line":78,"column":0},"end":{"line":78,"column":45}},"79":{"start":{"line":80,"column":0},"end":{"line":80,"column":33}},"88":{"start":{"line":89,"column":0},"end":{"line":89,"column":72}},"89":{"start":{"line":90,"column":0},"end":{"line":90,"column":76}},"93":{"start":{"line":94,"column":0},"end":{"line":94,"column":70}},"94":{"start":{"line":95,"column":0},"end":{"line":95,"column":82}},"97":{"start":{"line":98,"column":0},"end":{"line":98,"column":73}},"98":{"start":{"line":99,"column":0},"end":{"line":99,"column":85}},"101":{"start":{"line":102,"column":0},"end":{"line":102,"column":70}},"102":{"start":{"line":103,"column":0},"end":{"line":103,"column":82}}},"s":{"0":0,"14":0,"19":0,"23":0,"25":0,"28":0,"31":0,"33":0,"37":0,"40":0,"42":0,"48":0,"50":0,"56":0,"60":0,"63":0,"64":0,"66":0,"73":0,"76":0,"77":0,"79":0,"88":0,"89":0,"93":0,"94":0,"97":0,"98":0,"101":0,"102":0},"branchMap":{"0":{"type":"branch","line":1,"loc":{"start":{"line":1,"column":3324},"end":{"line":109,"column":6}},"locations":[{"start":{"line":1,"column":3324},"end":{"line":109,"column":6}}]}},"b":{"0":[0]},"fnMap":{"0":{"name":"(empty-report)","decl":{"start":{"line":1,"column":3324},"end":{"line":109,"column":6}},"loc":{"start":{"line":1,"column":3324},"end":{"line":109,"column":6}},"line":1}},"f":{"0":0}}
[...]
":72}},"105":{"start":{"line":106,"column":0},"end":{"line":106,"column":68}},"106":{"start":{"line":107,"column":0},"end":{"line":107,"column":17}},"107":{"start":{"line":108,"column":0},"end":{"line":108,"column":5}},"108":{"start":{"line":109,"column":0},"end":{"line":109,"column":4}},"110":{"start":{"line":111,"column":0},"end":{"line":111,"column":40}},"111":{"start":{"line":112,"column":0},"end":{"line":112,"column":21}},"112":{"start":{"line":113,"column":0},"end":{"line":113,"column":44}},"113":{"start":{"line":114,"column":0},"end":{"line":114,"column":10}},"114":{"start":{"line":115,"column":0},"end":{"line":115,"column":12}},"115":{"start":{"line":116,"column":0},"end":{"line":116,"column":6}},"116":{"start":{"line":117,"column":0},"end":{"line":117,"column":3}},"117":{"start":{"line":118,"column":0},"end":{"line":118,"column":2}},"118":{"start":{"line":119,"column":0},"end":{"line":119,"column":2}}},"s":{"0":0,"2":0,"3":0,"5":0,"7":0,"9":0,"10":0,"11":0,"12":0,"14":0,"15":0,"16":0,"17":0,"18":0,"21":0,"23":0,"25":0,"26":0,"27":0,"28":0,"29":0,"30":0,"31":0,"34":0,"35":0,"36":0,"37":0,"38":0,"39":0,"40":0,"41":0,"44":0,"45":0,"46":0,"47":0,"48":0,"49":0,"50":0,"53":0,"54":0,"55":0,"56":0,"58":0,"59":0,"60":0,"61":0,"62":0,"63":0,"64":0,"65":0,"67":0,"69":0,"70":0,"71":0,"72":0,"73":0,"74":0,"75":0,"77":0,"78":0,"79":0,"80":0,"81":0,"82":0,"83":0,"86":0,"87":0,"88":0,"89":0,"90":0,"93":0,"94":0,"95":0,"96":0,"97":0,"98":0,"99":0,"100":0,"101":0,"103":0,"104":0,"105":0,"106":0,"107":0,"108":0,"110":0,"111":0,"112":0,"113":0,"114":0,"115":0,"116":0,"117":0,"118":0},"branchMap":{"0":{"type":"branch","line":1,"loc":{"start":{"line":1,"column":3220},"end":{"line":119,"column":2}},"locations":[{"start":{"line":1,"column":3220},"end":{"line":119,"column":2}}]}},"b":{"0":[0]},"fnMap":{"0":{"name":"(empty-report)","decl":{"start":{"line":1,"column":3220},"end":{"line":119,"column":2}},"loc":{"start":{"line":1,"column":3220},"end":{"line":119,"column":2}},"line":1}},"f":{"0":0}}
,"/Users/oscar/projects/fuga/fuga-ui/src/routes/login/+page.svelte": {"path":"/Users/oscar/projects/fuga/fuga-ui/src/routes/login/+page.svelte","all":true,"statementMap":{"0":{"start":{"line":1,"column":0},"end":{"line":1,"column":18}},"7":{"start":{"line":8,"column":0},"end":{"line":8,"column":34}},"16":{"start":{"line":17,"column":0},"end":{"line":17,"column":69}},"17":{"start":{"line":18,"column":0},"end":{"line":18,"column":69}},"21":{"start":{"line":22,"column":0},"end":{"line":22,"column":20}},"34":{"start":{"line":35,"column":0},"end":{"line":35,"column":75}},"36":{"start":{"line":37,"column":0},"end":{"line":37,"column":27}},"46":{"start":{"line":47,"column":0},"end":{"line":47,"column":24}},"47":{"start":{"line":48,"column":0},"end":{"line":48,"column":25}},"48":{"start":{"line":49,"column":0},"end":{"line":49,"column":43}},"49":{"start":{"line":50,"column":0},"end":{"line":50,"column":21}},"50":{"start":{"line":51,"column":0},"end":{"line":51,"column":27}},"51":{"start":{"line":52,"column":0},"end":{"line":52,"column":7}},"52":{"start":{"line":53,"column":0},"end":{"line":53,"column":6}},"56":{"start":{"line":57,"column":0},"end":{"line":57,"column":74}},"63":{"start":{"line":64,"column":0},"end":{"line":64,"column":32}},"64":{"start":{"line":65,"column":0},"end":{"line":65,"column":30}},"66":{"start":{"line":67,"column":0},"end":{"line":67,"column":44}},"70":{"start":{"line":71,"column":0},"end":{"line":71,"column":73}},"77":{"start":{"line":78,"column":0},"end":{"line":78,"column":35}},"78":{"start":{"line":79,"column":0},"end":{"line":79,"column":30}},"80":{"start":{"line":81,"column":0},"end":{"line":81,"column":40}},"91":{"start":{"line":92,"column":0},"end":{"line":92,"column":28}},"92":{"start":{"line":93,"column":0},"end":{"line":93,"column":29}},"94":{"start":{"line":95,"column":0},"end":{"line":95,"column":25}},"100":{"start":{"line":101,"column":0},"end":{"line":101,"column":39}},"102":{"start":{"line":103,"column":0},"end":{"line":103,"column":26}}},"s":{"0":0,"7":0,"16":0,"17":0,"21":0,"34":0,"36":0,"46":0,"47":0,"48":0,"49":0,"50":0,"51":0,"52":0,"56":0,"63":0,"64":0,"66":0,"70":0,"77":0,"78":0,"80":0,"91":0,"92":0,"94":0,"100":0,"102":0},"branchMap":{"0":{"type":"branch","line":1,"loc":{"start":{"line":1,"column":3497},"end":{"line":118,"column":8}},"locations":[{"start":{"line":1,"column":3497},"end":{"line":118,"column":8}}]}},"b":{"0":[0]},"fnMap":{"0":{"name":"(empty-report)","decl":{"start":{"line":1,"column":3497},"end":{"line":118,"column":8}},"loc":{"start":{"line":1,"column":3497},"end":{"line":118,"column":8}},"line":1}},"f":{"0":0}}
,"/Users/oscar/projects/fuga/fuga-ui/src/routes/register/+page.server.ts": {"path":"/Users/oscar/projects/fuga/fuga-ui/src/routes/register/+page.server.ts","all":true,"statementMap":{"0":{"start":{"line":1,"column":0},"end":{"line":1,"column":47}},"2":{"start":{"line":3,"column":0},"end":{"line":3,"column":47}},"3":{"start":{"line":4,"column":0},"end":{"line":4,"column":73}},"5":{"start":{"line":6,"column":0},"end":{"line":6,"column":59}},"7":{"start":{"line":8,"column":0},"end":{"line":8,"column":19}},"8":{"start":{"line":9,"column":0},"end":{"line":9,"column":31}},"9":{"start":{"line":10,"column":0},"end":{"line":10,"column":2}},"10":{"start":{"line":11,"column":0},"end":{"line":11,"column":2}},"12":{"start":{"line":13,"column":0},"end":{"line":13,"column":33}},"13":{"start":{"line":14,"column":0},"end":{"line":14,"column":42}},"14":{"start":{"line":15,"column":0},"end":{"line":15,"column":44}},"15":{"start":{"line":16,"column":0},"end":{"line":16,"column":48}},"16":{"start":{"line":17,"column":0},"end":{"line":17,"column":54}},"17":{"start":{"line":18,"column":0},"end":{"line":18,"column":68}},"20":{"start":{"line":21,"column":0},"end":{"line":21,"column":40}},"22":{"start":{"line":23,"column":0},"end":{"line":23,"column":7}},"24":{"start":{"line":25,"column":0},"end":{"line":25,"column":49}},"25":{"start":{"line":26,"column":0},"end":{"line":26,"column":22}},"26":{"start":{"line":27,"column":0},"end":{"line":27,"column":51}},"27":{"start":{"line":28,"column":0},"end":{"line":28,"column":11}},"28":{"start":{"line":29,"column":0},"end":{"line":29,"column":14}},"29":{"start":{"line":30,"column":0},"end":{"line":30,"column":20}},"30":{"start":{"line":31,"column":0},"end":{"line":31,"column":7}},"31":{"start":{"line":32,"column":0},"end":{"line":32,"column":4}},"34":{"start":{"line":35,"column":0},"end":{"line":35,"column":51}},"35":{"start":{"line":36,"column":0},"end":{"line":36,"column":33}},"36":{"start":{"line":37,"column":0},"end":{"line":37,"column":22}},"37":{"start":{"line":38,"column":0},"end":{"line":38,"column":55}},"38":{"start":{"line":39,"column":0},"end":{"line":39,"column":11}},"39":{"start":{"line":40,"column":0},"end":{"line":40,"column":14}},"40":{"start":{"line":41,"column":0},"end":{"line":41,"column":20}},"41":{"start":{"line":42,"column":0},"end":{"line":42,"column":7}},"42":{"start":{"line":43,"column":0},"end":{"line":43,"column":4}},"45":{"start":{"line":46,"column":0},"end":{"line":46,"column":29}},"46":{"start":{"line":47,"column":0},"end":{"line":47,"column":22}},"47":{"start":{"line":48,"column":0},"end":{"line":48,"column":51}},"48":{"start":{"line":49,"column":0},"end":{"line":49,"column":11}},"49":{"start":{"line":50,"column":0},"end":{"line":50,"column":14}},"50":{"start":{"line":51,"column":0},"end":{"line":51,"column":20}},"51":{"start":{"line":52,"column":0},"end":{"line":52,"column":7}},"52":{"start":{"line":53,"column":0},"end":{"line":53,"column":4}},"54":{"start":{"line":55,"column":0},"end":{"line":55,"column":38}},"55":{"start":{"line":56,"column":0},"end":{"line":56,"column":22}},"56":{"start":{"line":57,"column":0},"end":{"line":57,"column":53}},"57":{"start":{"line":58,"column":0},"end":{"line":58,"column":11}},"58":{"start":{"line":59,"column":0},"end":{"line":59,"column":14}},"59":{"start":{"line":60,"column":0},"end":{"line":60,"column":20}},"60":{"start":{"line":61,"column":0},"end":{"line":61,"column":7}},"61":{"start":{"line":62,"column":0},"end":{"line":62,"column":4}},"64":{"start":{"line":65,"column":0},"end":{"line":65,"column":55}},"65":{"start":{"line":66,"column":0},"end":{"line":66,"column":10}},"66":{"start":{"line":67,"column":0},"end":{"line":67,"column":13}},"67":{"start":{"line":68,"column":0},"end":{"line":68,"column":14}},"68":{"start":{"line":69,"column":0},"end":{"line":69,"column":12}},"69":{"start":{"line":70,"column":0},"end":{"line":70,"column":79}},"70":{"start":{"line":71,"column":0},"end":{"line":71,"column":6}},"71":{"start":{"line":72,"column":0},"end":{"line":72,"column":5}},"72":{"start":{"line":73,"column":0},"end":{"line":73,"column":6}},"74":{"start":{"line":75,"column":0},"end":{"line":75,"column":15}},"75":{"start":{"line":76,"column":0},"end":{"line":76,"column":66}},"76":{"start":{"line":77,"column":0},"end":{"line":77,"column":22}},"77":{"start":{"line":78,"column":0},"end":{"line":78,"column":25}},"78":{"start":{"line":79,"column":0},"end":{"line":79,"column":11}},"79":{"start":{"line":80,"column":0},"end":{"line":80,"column":14}},"80":{"start":{"line":81,"column":0},"end":{"line":81,"column":20}},"81":{"start":{"line":82,"column":0},"end":{"line":82,"column":7}},"82":{"start":{"line":83,"column":0},"end":{"line":83,"column":4}},"84":{"start":{"line":85,"column":0},"end":{"line":85,"column":19}},"86":{"start":{"line":87,"column":0},"end":{"line":87,"column":34}},"87":{"start":{"line":88,"column":0},"end":{"line":88,"column":4}},"89":{"start":{"line":90,"column":0},"end":{"line":90,"column":21}},"90":{"start":{"line":91,"column":0},"end":{"line":91,"column":39}},"91":{"start":{"line":92,"column":0},"end":{"line":92,"column":10}},"92":{"start":{"line":93,"column":0},"end":{"line":93,"column":13}},"93":{"start":{"line":94,"column":0},"end":{"line":94,"column":19}},"94":{"start":{"line":95,"column":0},"end":{"line":95,"column":6}},"95":{"start":{"line":96,"column":0},"end":{"line":96,"column":19}},"97":{"start":{"line":98,"column":0},"end":{"line":98,"column":88}},"98":{"start":{"line":99,"column":0},"end":{"line":99,"column":72}},"99":{"start":{"line":100,"column":0},"end":{"line":100,"column":68}},"100":{"start":{"line":101,"column":0},"end":{"line":101,"column":17}},"101":{"start":{"line":102,"column":0},"end":{"line":102,"column":5}},"102":{"start":{"line":103,"column":0},"end":{"line":103,"column":4}},"104":{"start":{"line":105,"column":0},"end":{"line":105,"column":47}},"105":{"start":{"line":106,"column":0},"end":{"line":106,"column":21}},"106":{"start":{"line":107,"column":0},"end":{"line":107,"column":44}},"107":{"start":{"line":108,"column":0},"end":{"line":108,"column":10}},"108":{"start":{"line":109,"column":0},"end":{"line":109,"column":13}},"109":{"start":{"line":110,"column":0},"end":{"line":110,"column":19}},"110":{"start":{"line":111,"column":0},"end":{"line":111,"column":6}},"111":{"start":{"line":112,"column":0},"end":{"line":112,"column":3}},"112":{"start":{"line":113,"column":0},"end":{"line":113,"column":2}},"113":{"start":{"line":114,"column":0},"end":{"line":114,"column":2}}},"s":{"0":0,"2":0,"3":0,"5":0,"7":0,"8":0,"9":0,"10":0,"12":0,"13":0,"14":0,"15":0,"16":0,"17":0,"20":0,"22":0,"24":0,"25":0,"26":0,"27":0,"28":0,"29":0,"30":0,"31":0,"34":0,"35":0,"36":0,"37":0,"38":0,"39":0,"40":0,"41":0,"42":0,"45":0,"46":0,"47":0,"48":0,"49":0,"50":0,"51":0,"52":0,"54":0,"55":0,"56":0,"57":0,"58":0,"59":0,"60":0,"61":0,"64":0,"65":0,"66":0,"67":0,"68":0,"69":0,"70":0,"71":0,"72":0,"74":0,"75":0,"76":0,"77":0,"78":0,"79":0,"80":0,"81":0,"82":0,"84":0,"86":0,"87":0,"89":0,"90":0,"91":0,"92":0,"93":0,"94":0,"95":0,"97":0,"98":0,"99":0,"100":0,"101":0,"102":0,"104":0,"105":0,"106":0,"107":0,"108":0,"109":0,"110":0,"111":0,"112":0,"113":0},"branchMap":{"0":{"type":"branch","line":1,"loc":{"start":{"line":1,"column":2798},"end":{"line":114,"column":2}},"locations":[{"start":{"line":1,"column":2798},"end":{"line":114,"column":2}}]}},"b":{"0":[0]},"fnMap":{"0":{"name":"(empty-report)","decl":{"start":{"line":1,"column":2798},"end":{"line":114,"column":2}},"loc":{"start":{"line":1,"column":2798},"end":{"line":114,"column":2}},"line":1}},"f":{"0":0}}
,"/Users/oscar/projects/fuga/fuga-ui/src/routes/register/+page.svelte": {"path":"/Users/oscar/projects/fuga/fuga-ui/src/routes/register/+page.svelte","all":true,"statementMap":{"0":{"start":{"line":1,"column":0},"end":{"line":1,"column":18}},"7":{"start":{"line":8,"column":0},"end":{"line":8,"column":34}},"16":{"start":{"line":17,"column":0},"end":{"line":17,"column":71}},"17":{"start":{"line":18,"column":0},"end":{"line":18,"column":70}},"21":{"start":{"line":22,"column":0},"end":{"line":22,"column":20}},"34":{"start":{"line":35,"column":0},"end":{"line":35,"column":75}},"36":{"start":{"line":37,"column":0},"end":{"line":37,"column":27}},"43":{"start":{"line":44,"column":0},"end":{"line":44,"column":22}},"56":{"start":{"line":57,"column":0},"end":{"line":57,"column":79}},"58":{"start":{"line":59,"column":0},"end":{"line":59,"column":29}},"68":{"start":{"line":69,"column":0},"end":{"line":69,"column":24}},"69":{"start":{"line":70,"column":0},"end":{"line":70,"column":25}},"70":{"start":{"line":71,"column":0},"end":{"line":71,"column":43}},"71":{"start":{"line":72,"column":0},"end":{"line":72,"column":21}},"72":{"start":{"line":73,"column":0},"end":{"line":73,"column":27}},"73":{"start":{"line":74,"column":0},"end":{"line":74,"column":7}},"74":{"start":{"line":75,"column":0},"end":{"line":75,"column":6}},"78":{"start":{"line":79,"column":0},"end":{"line":79,"column":74}},"85":{"start":{"line":86,"column":0},"end":{"line":86,"column":32}},"86":{"start":{"line":87,"column":0},"end":{"line":87,"column":30}},"88":{"start":{"line":89,"column":0},"end":{"line":89,"column":44}},"92":{"start":{"line":93,"column":0},"end":{"line":93,"column":73}},"99":{"start":{"line":100,"column":0},"end":{"line":100,"column":35}},"100":{"start":{"line":101,"column":0},"end":{"line":101,"column":30}},"102":{"start":{"line":103,"column":0},"end":{"line":103,"column":40}},"106":{"start":{"line":107,"column":0},"end":{"line":107,"column":87}},"113":{"start":{"line":114,"column":0},"end":{"line":114,"column":42}},"114":{"start":{"line":115,"column":0},"end":{"line":115,"column":30}},"116":{"start":{"line":117,"column":0},"end":{"line":117,"column":47}},"127":{"start":{"line":128,"column":0},"end":{"line":128,"column":28}},"128":{"start":{"line":129,"column":0},"end":{"line":129,"column":29}},"130":{"start":{"line":131,"column":0},"end":{"line":131,"column":32}},"136":{"start":{"line":137,"column":0},"end":{"line":137,"column":42}},"138":{"start":{"line":139,"column":0},"end":{"line":139,"column":30}}},"s":{"0":0,"7":0,"16":0,"17":0,"21":0,"34":0,"36":0,"43":0,"56":0,"58":0,"68":0,"69":0,"70":0,"71":0,"72":0,"73":0,"74":0,"78":0,"85":0,"86":0,"88":0,"92":0,"99":0,"100":0,"102":0,"106":0,"113":0,"114":0,"116":0,"127":0,"128":0,"130":0,"136":0,"138":0},"branchMap":{"0":{"type":"branch","line":1,"loc":{"start":{"line":1,"column":4914},"end":{"line":154,"column":8}},"locations":[{"start":{"line":1,"column":4914},"end":{"line":154,"column":8}}]}},"b":{"0":[0]},"fnMap":{"0":{"name":"(empty-report)","decl":{"start":{"line":1,"column":4914},"end":{"line":154,"column":8}},"loc":{"start":{"line":1,"column":4914},"end":{"line":154,"column":8}},"line":1}},"f":{"0":0}}
,"/Users/oscar/projects/fuga/fuga-ui/src/routes/user/+page.server.ts": {"path":"/Users/oscar/projects/fuga/fuga-ui/src/routes/user/+page.server.ts","all":true,"statementMap":{"0":{"start":{"line":1,"column":0},"end":{"line":1,"column":41}},"2":{"start":{"line":3,"column":0},"end":{"line":3,"column":50}},"4":{"start":{"line":5,"column":0},"end":{"line":5,"column":59}},"6":{"start":{"line":7,"column":0},"end":{"line":7,"column":20}},"7":{"start":{"line":8,"column":0},"end":{"line":8,"column":32}},"8":{"start":{"line":9,"column":0},"end":{"line":9,"column":2}},"11":{"start":{"line":12,"column":0},"end":{"line":12,"column":9}},"12":{"start":{"line":13,"column":0},"end":{"line":13,"column":20}},"13":{"start":{"line":14,"column":0},"end":{"line":14,"column":25}},"14":{"start":{"line":15,"column":0},"end":{"line":15,"column":3}},"15":{"start":{"line":16,"column":0},"end":{"line":16,"column":2}},"17":{"start":{"line":18,"column":0},"end":{"line":18,"column":33}},"18":{"start":{"line":19,"column":0},"end":{"line":19,"column":27}},"19":{"start":{"line":20,"column":0},"end":{"line":20,"column":26}},"20":{"start":{"line":21,"column":0},"end":{"line":21,"column":2}},"21":{"start":{"line":22,"column":0},"end":{"line":22,"column":2}}},"s":{"0":0,"2":0,"4":0,"6":0,"7":0,"8":0,"11":0,"12":0,"13":0,"14":0,"15":0,"17":0,"18":0,"19":0,"20":0,"21":0},"branchMap":{"0":{"type":"branch","line":1,"loc":{"start":{"line":1,"column":512},"end":{"line":22,"column":2}},"locations":[{"start":{"line":1,"column":512},"end":{"line":22,"column":2}}]}},"b":{"0":[0]},"fnMap":{"0":{"name":"(empty-report)","decl":{"start":{"line":1,"column":512},"end":{"line":22,"column":2}},"loc":{"start":{"line":1,"column":512},"end":{"line":22,"column":2}},"line":1}},"f":{"0":0}}
,"/Users/oscar/projects/fuga/fuga-ui/src/routes/user/+page.svelte": {"path":"/Users/oscar/projects/fuga/fuga-ui/src/routes/user/+page.svelte","all":true,"statementMap":{"0":{"start":{"line":1,"column":0},"end":{"line":1,"column":18}},"14":{"start":{"line":15,"column":0},"end":{"line":15,"column":64}},"19":{"start":{"line":20,"column":0},"end":{"line":20,"column":74}},"23":{"start":{"line":24,"column":0},"end":{"line":24,"column":25}},"25":{"start":{"line":26,"column":0},"end":{"line":26,"column":50}},"28":{"start":{"line":29,"column":0},"end":{"line":29,"column":34}},"31":{"start":{"line":32,"column":0},"end":{"line":32,"column":29}},"33":{"start":{"line":34,"column":0},"end":{"line":34,"column":57}},"37":{"start":{"line":38,"column":0},"end":{"line":38,"column":33}},"40":{"start":{"line":41,"column":0},"end":{"line":41,"column":29}},"42":{"start":{"line":43,"column":0},"end":{"line":43,"column":56}},"48":{"start":{"line":49,"column":0},"end":{"line":49,"column":24}},"50":{"start":{"line":51,"column":0},"end":{"line":51,"column":63}},"56":{"start":{"line":57,"column":0},"end":{"line":57,"column":73}},"60":{"start":{"line":61,"column":0},"end":{"line":61,"column":31}},"63":{"start":{"line":64,"column":0},"end":{"line":64,"column":37}},"64":{"start":{"line":65,"column":0},"end":{"line":65,"column":45}},"66":{"start":{"line":67,"column":0},"end":{"line":67,"column":33}},"73":{"start":{"line":74,"column":0},"end":{"line":74,"column":31}},"76":{"start":{"line":77,"column":0},"end":{"line":77,"column":37}},"77":{"start":{"line":78,"column":0},"end":{"line":78,"column":45}},"79":{"start":{"line":80,"column":0},"end":{"line":80,"column":33}},"88":{"start":{"line":89,"column":0},"end":{"line":89,"column":68}},"89":{"start":{"line":90,"column":0},"end":{"line":90,"column":72}},"93":{"start":{"line":94,"column":0},"end":{"line":94,"column":63}},"94":{"start":{"line":95,"column":0},"end":{"line":95,"column":75}},"97":{"start":{"line":98,"column":0},"end":{"line":98,"column":63}},"98":{"start":{"line":99,"column":0},"end":{"line":99,"column":75}},"101":{"start":{"line":102,"column":0},"end":{"line":102,"column":63}},"102":{"start":{"line":103,"column":0},"end":{"line":103,"column":75}}},"s":{"0":0,"14":0,"19":0,"23":0,"25":0,"28":0,"31":0,"33":0,"37":0,"40":0,"42":0,"48":0,"50":0,"56":0,"60":0,"63":0,"64":0,"66":0,"73":0,"76":0,"77":0,"79":0,"88":0,"89":0,"93":0,"94":0,"97":0,"98":0,"101":0,"102":0},"branchMap":{"0":{"type":"branch","line":1,"loc":{"start":{"line":1,"column":3234},"end":{"line":109,"column":6}},"locations":[{"start":{"line":1,"column":3234},"end":{"line":109,"column":6}}]}},"b":{"0":[0]},"fnMap":{"0":{"name":"(empty-report)","decl":{"start":{"line":1,"column":3234},"end":{"line":109,"column":6}},"loc":{"start":{"line":1,"column":3234},"end":{"line":109,"column":6}},"line":1}},"f":{"0":0}}
}
